============================= test session starts ==============================
platform linux -- Python 3.11.15, pytest-9.1.1, pluggy-1.6.0
--------------------------------------------------------------------
Pillow 13.0.0.dev0
Python 3.11.15 (main, Jul 18 2026, 17:02:49) [Clang 22.1.3 ]
--------------------------------------------------------------------
Python executable is /data/xumengying/tool-verify/Pillow-verify/venv-cpu-py311/bin/python
Environment Python files loaded from /data/xumengying/tool-verify/Pillow-verify/venv-cpu-py311
System Python files loaded from /root/.local/share/uv/python/cpython-3.11.15-linux-x86_64-gnu
--------------------------------------------------------------------
Python Pillow modules loaded from /data/xumengying/tool-verify/Pillow-verify/src/Pillow/src/PIL
Binary Pillow modules loaded from /data/xumengying/tool-verify/Pillow-verify/src/Pillow/src/PIL
--------------------------------------------------------------------
--- PIL CORE support ok, compiled for 13.0.0.dev0
--- TKINTER support ok, loaded 9.0
*** FREETYPE2 support not installed
*** LITTLECMS2 support not installed
*** WEBP support not installed
*** AVIF support not installed
--- JPEG support ok, compiled for libjpeg-turbo 2.1.2
*** OPENJPEG (JPEG2000) support not installed
--- ZLIB (PNG/ZIP) support ok, loaded 1.2.11
*** LIBTIFF support not installed
*** RAQM (Bidirectional Text) support not installed
*** LIBIMAGEQUANT (Quantization method) support not installed
*** XCB (X protocol) support not installed
--------------------------------------------------------------------

rootdir: /data/xumengying/tool-verify/Pillow-verify/src/Pillow
configfile: pyproject.toml
testpaths: Tests
plugins: cov-7.1.0, timeout-2.4.0, xdist-3.8.0
collected 5148 items / 7 skipped

<Dir Pillow>
  <Package Tests>
    <Dir oss-fuzz>
      <Module test_fuzzers.py>
        <Function test_fuzz_images[Tests/images/00r0_gray_l.jp2]>
        <Function test_fuzz_images[Tests/images/00r1_graya_la.jp2]>
        <Function test_fuzz_images[Tests/images/01r_00.pcx]>
        <Function test_fuzz_images[Tests/images/10ct_32bit_128.tiff]>
        <Function test_fuzz_images[Tests/images/12bit.cropped.tif]>
        <Function test_fuzz_images[Tests/images/12in16bit.tif]>
        <Function test_fuzz_images[Tests/images/16_bit_binary.pgm]>
        <Function test_fuzz_images[Tests/images/16_bit_binary_pgm.tiff]>
        <Function test_fuzz_images[Tests/images/16_bit_noise.tif]>
        <Function test_fuzz_images[Tests/images/16bit.MM.cropped.tif]>
        <Function test_fuzz_images[Tests/images/16bit.MM.deflate.tif]>
        <Function test_fuzz_images[Tests/images/16bit.cropped.j2k]>
        <Function test_fuzz_images[Tests/images/16bit.cropped.jp2]>
        <Function test_fuzz_images[Tests/images/16bit.cropped.tif]>
        <Function test_fuzz_images[Tests/images/16bit.deflate.tif]>
        <Function test_fuzz_images[Tests/images/16bit.r.tif]>
        <Function test_fuzz_images[Tests/images/16bit.s.tif]>
        <Function test_fuzz_images[Tests/images/1_trns.png]>
        <Function test_fuzz_images[Tests/images/200x32_p_bl_raw_origin.tga]>
        <Function test_fuzz_images[Tests/images/2422.flc]>
        <Function test_fuzz_images[Tests/images/7x13.png]>
        <Function test_fuzz_images[Tests/images/8bit.s.tif]>
        <Function test_fuzz_images[Tests/images/9bit.j2k]>
        <Function test_fuzz_images[Tests/images/DXGI_FORMAT_BC7_UNORM_SRGB.dds]>
        <Function test_fuzz_images[Tests/images/DXGI_FORMAT_BC7_UNORM_SRGB.png]>
        <Function test_fuzz_images[Tests/images/DXGI_FORMAT_R8G8B8A8_UNORM_SRGB.dds]>
        <Function test_fuzz_images[Tests/images/DXGI_FORMAT_R8G8B8A8_UNORM_SRGB.png]>
        <Function test_fuzz_images[Tests/images/WAlaska.wind.7days.grb]>
        <Function test_fuzz_images[Tests/images/a.fli]>
        <Function test_fuzz_images[Tests/images/a_fli.png]>
        <Function test_fuzz_images[Tests/images/anim_frame1.webp]>
        <Function test_fuzz_images[Tests/images/anim_frame2.webp]>
        <Function test_fuzz_images[Tests/images/apng/blend_op_over.png]>
        <Function test_fuzz_images[Tests/images/apng/blend_op_over_near_transparent.png]>
        <Function test_fuzz_images[Tests/images/apng/blend_op_source_near_transparent.png]>
        <Function test_fuzz_images[Tests/images/apng/blend_op_source_solid.png]>
        <Function test_fuzz_images[Tests/images/apng/blend_op_source_transparent.png]>
        <Function test_fuzz_images[Tests/images/apng/chunk_actl_after_idat.png]>
        <Function test_fuzz_images[Tests/images/apng/chunk_multi_actl.png]>
        <Function test_fuzz_images[Tests/images/apng/chunk_no_actl.png]>
        <Function test_fuzz_images[Tests/images/apng/chunk_no_fctl.png]>
        <Function test_fuzz_images[Tests/images/apng/chunk_no_fdat.png]>
        <Function test_fuzz_images[Tests/images/apng/chunk_repeat_fctl.png]>
        <Function test_fuzz_images[Tests/images/apng/delay.png]>
        <Function test_fuzz_images[Tests/images/apng/delay_round.png]>
        <Function test_fuzz_images[Tests/images/apng/delay_short_max.png]>
        <Function test_fuzz_images[Tests/images/apng/delay_zero_denom.png]>
        <Function test_fuzz_images[Tests/images/apng/delay_zero_numer.png]>
        <Function test_fuzz_images[Tests/images/apng/different_durations.png]>
        <Function test_fuzz_images[Tests/images/apng/dispose_op_background.png]>
        <Function test_fuzz_images[Tests/images/apng/dispose_op_background_before_region.png]>
        <Function test_fuzz_images[Tests/images/apng/dispose_op_background_final.png]>
        <Function test_fuzz_images[Tests/images/apng/dispose_op_background_p_mode.png]>
        <Function test_fuzz_images[Tests/images/apng/dispose_op_background_region.png]>
        <Function test_fuzz_images[Tests/images/apng/dispose_op_none.png]>
        <Function test_fuzz_images[Tests/images/apng/dispose_op_none_region.png]>
        <Function test_fuzz_images[Tests/images/apng/dispose_op_previous.png]>
        <Function test_fuzz_images[Tests/images/apng/dispose_op_previous_final.png]>
        <Function test_fuzz_images[Tests/images/apng/dispose_op_previous_first.png]>
        <Function test_fuzz_images[Tests/images/apng/dispose_op_previous_frame.png]>
        <Function test_fuzz_images[Tests/images/apng/dispose_op_previous_region.png]>
        <Function test_fuzz_images[Tests/images/apng/fctl_actl.png]>
        <Function test_fuzz_images[Tests/images/apng/mode_16bit.png]>
        <Function test_fuzz_images[Tests/images/apng/mode_grayscale.png]>
        <Function test_fuzz_images[Tests/images/apng/mode_grayscale_alpha.png]>
        <Function test_fuzz_images[Tests/images/apng/mode_palette.png]>
        <Function test_fuzz_images[Tests/images/apng/mode_palette_1bit_alpha.png]>
        <Function test_fuzz_images[Tests/images/apng/mode_palette_alpha.png]>
        <Function test_fuzz_images[Tests/images/apng/num_plays.png]>
        <Function test_fuzz_images[Tests/images/apng/num_plays_1.png]>
        <Function test_fuzz_images[Tests/images/apng/sequence_fdat_fctl.png]>
        <Function test_fuzz_images[Tests/images/apng/sequence_gap.png]>
        <Function test_fuzz_images[Tests/images/apng/sequence_reorder.png]>
        <Function test_fuzz_images[Tests/images/apng/sequence_reorder_chunk.png]>
        <Function test_fuzz_images[Tests/images/apng/sequence_repeat.png]>
        <Function test_fuzz_images[Tests/images/apng/sequence_repeat_chunk.png]>
        <Function test_fuzz_images[Tests/images/apng/sequence_start.png]>
        <Function test_fuzz_images[Tests/images/apng/single_frame.png]>
        <Function test_fuzz_images[Tests/images/apng/single_frame_default.png]>
        <Function test_fuzz_images[Tests/images/apng/split_fdat.png]>
        <Function test_fuzz_images[Tests/images/apng/split_fdat_zero_chunk.png]>
        <Function test_fuzz_images[Tests/images/apng/syntax_num_frames_high.png]>
        <Function test_fuzz_images[Tests/images/apng/syntax_num_frames_invalid.png]>
        <Function test_fuzz_images[Tests/images/apng/syntax_num_frames_low.png]>
        <Function test_fuzz_images[Tests/images/apng/syntax_num_frames_zero.png]>
        <Function test_fuzz_images[Tests/images/apng/syntax_num_frames_zero_default.png]>
        <Function test_fuzz_images[Tests/images/app13-multiple.jpg]>
        <Function test_fuzz_images[Tests/images/app13.jpg]>
        <Function test_fuzz_images[Tests/images/argb-32bpp_MipMaps-1.dds]>
        <Function test_fuzz_images[Tests/images/argb-32bpp_MipMaps-1.png]>
        <Function test_fuzz_images[Tests/images/ati1.dds]>
        <Function test_fuzz_images[Tests/images/ati1.png]>
        <Function test_fuzz_images[Tests/images/ati2.dds]>
        <Function test_fuzz_images[Tests/images/avif/exif.avif]>
        <Function test_fuzz_images[Tests/images/avif/hopper-missing-pixi.avif]>
        <Function test_fuzz_images[Tests/images/avif/hopper.avif]>
        <Function test_fuzz_images[Tests/images/avif/hopper.heif]>
        <Function test_fuzz_images[Tests/images/avif/hopper_avif_write.png]>
        <Function test_fuzz_images[Tests/images/avif/icc_profile.avif]>
        <Function test_fuzz_images[Tests/images/avif/icc_profile_none.avif]>
        <Function test_fuzz_images[Tests/images/avif/rot0mir0.avif]>
        <Function test_fuzz_images[Tests/images/avif/rot0mir1.avif]>
        <Function test_fuzz_images[Tests/images/avif/rot1mir0.avif]>
        <Function test_fuzz_images[Tests/images/avif/rot1mir1.avif]>
        <Function test_fuzz_images[Tests/images/avif/rot2mir0.avif]>
        <Function test_fuzz_images[Tests/images/avif/rot2mir1.avif]>
        <Function test_fuzz_images[Tests/images/avif/rot3mir0.avif]>
        <Function test_fuzz_images[Tests/images/avif/rot3mir1.avif]>
        <Function test_fuzz_images[Tests/images/avif/star.avifs]>
        <Function test_fuzz_images[Tests/images/avif/star.gif]>
        <Function test_fuzz_images[Tests/images/avif/star.png]>
        <Function test_fuzz_images[Tests/images/avif/transparency.avif]>
        <Function test_fuzz_images[Tests/images/avif/xmp_tags_orientation.avif]>
        <Function test_fuzz_images[Tests/images/background_outside_palette.gif]>
        <Function test_fuzz_images[Tests/images/bad_palette_entry.gpl]>
        <Function test_fuzz_images[Tests/images/bad_palette_file.gpl]>
        <Function test_fuzz_images[Tests/images/balloon.jpf]>
        <Function test_fuzz_images[Tests/images/balloon_eciRGBv2_aware.jp2]>
        <Function test_fuzz_images[Tests/images/bc1.dds]>
        <Function test_fuzz_images[Tests/images/bc1_typeless.dds]>
        <Function test_fuzz_images[Tests/images/bc4_typeless.dds]>
        <Function test_fuzz_images[Tests/images/bc4_unorm.dds]>
        <Function test_fuzz_images[Tests/images/bc4_unorm.png]>
        <Function test_fuzz_images[Tests/images/bc4u.dds]>
        <Function test_fuzz_images[Tests/images/bc5_snorm.dds]>
        <Function test_fuzz_images[Tests/images/bc5_typeless.dds]>
        <Function test_fuzz_images[Tests/images/bc5_unorm.dds]>
        <Function test_fuzz_images[Tests/images/bc5_unorm.png]>
        <Function test_fuzz_images[Tests/images/bc5s.dds]>
        <Function test_fuzz_images[Tests/images/bc5s.png]>
        <Function test_fuzz_images[Tests/images/bc5u.dds]>
        <Function test_fuzz_images[Tests/images/bc6h.dds]>
        <Function test_fuzz_images[Tests/images/bc6h.png]>
        <Function test_fuzz_images[Tests/images/bc6h_sf.dds]>
        <Function test_fuzz_images[Tests/images/bc6h_sf.png]>
        <Function test_fuzz_images[Tests/images/bc7-argb-8bpp_MipMaps-1.dds]>
        <Function test_fuzz_images[Tests/images/bc7-argb-8bpp_MipMaps-1.png]>
        <Function test_fuzz_images[Tests/images/bgr15.dds]>
        <Function test_fuzz_images[Tests/images/bgr15.png]>
        <Function test_fuzz_images[Tests/images/bitmap_font_1_basic.png]>
        <Function test_fuzz_images[Tests/images/bitmap_font_1_raqm.png]>
        <Function test_fuzz_images[Tests/images/bitmap_font_2_basic.png]>
        <Function test_fuzz_images[Tests/images/bitmap_font_2_raqm.png]>
        <Function test_fuzz_images[Tests/images/bitmap_font_4_basic.png]>
        <Function test_fuzz_images[Tests/images/bitmap_font_4_raqm.png]>
        <Function test_fuzz_images[Tests/images/bitmap_font_8_basic.png]>
        <Function test_fuzz_images[Tests/images/bitmap_font_8_raqm.png]>
        <Function test_fuzz_images[Tests/images/bitmap_font_blend.png]>
        <Function test_fuzz_images[Tests/images/bitmap_font_stroke_basic.png]>
        <Function test_fuzz_images[Tests/images/bitmap_font_stroke_raqm.png]>
        <Function test_fuzz_images[Tests/images/black_and_white.ico]>
        <Function test_fuzz_images[Tests/images/blend_transparency.png]>
        <Function test_fuzz_images[Tests/images/blp/blp1_jpeg.blp]>
        <Function test_fuzz_images[Tests/images/blp/blp1_jpeg.png]>
        <Function test_fuzz_images[Tests/images/blp/blp1_jpeg2.blp]>
        <Function test_fuzz_images[Tests/images/blp/blp2_dxt1.blp]>
        <Function test_fuzz_images[Tests/images/blp/blp2_dxt1.png]>
        <Function test_fuzz_images[Tests/images/blp/blp2_dxt1a.blp]>
        <Function test_fuzz_images[Tests/images/blp/blp2_dxt1a.png]>
        <Function test_fuzz_images[Tests/images/blp/blp2_raw.blp]>
        <Function test_fuzz_images[Tests/images/blp/blp2_raw.png]>
        <Function test_fuzz_images[Tests/images/bmp/README.txt]>
        <Function test_fuzz_images[Tests/images/bmp/b/badbitcount.bmp]>
        <Function test_fuzz_images[Tests/images/bmp/b/badbitssize.bmp]>
        <Function test_fuzz_images[Tests/images/bmp/b/baddens1.bmp]>
        <Function test_fuzz_images[Tests/images/bmp/b/baddens2.bmp]>
        <Function test_fuzz_images[Tests/images/bmp/b/badfilesize.bmp]>
        <Function test_fuzz_images[Tests/images/bmp/b/badheadersize.bmp]>
        <Function test_fuzz_images[Tests/images/bmp/b/badpalettesize.bmp]>
        <Function test_fuzz_images[Tests/images/bmp/b/badplanes.bmp]>
        <Function test_fuzz_images[Tests/images/bmp/b/badrle.bmp]>
        <Function test_fuzz_images[Tests/images/bmp/b/badwidth.bmp]>
        <Function test_fuzz_images[Tests/images/bmp/b/pal8badindex.bmp]>
        <Function test_fuzz_images[Tests/images/bmp/b/reallybig.bmp]>
        <Function test_fuzz_images[Tests/images/bmp/b/rletopdown.bmp]>
        <Function test_fuzz_images[Tests/images/bmp/b/shortfile.bmp]>
        <Function test_fuzz_images[Tests/images/bmp/g/pal1.bmp]>
        <Function test_fuzz_images[Tests/images/bmp/g/pal1bg.bmp]>
        <Function test_fuzz_images[Tests/images/bmp/g/pal1wb.bmp]>
        <Function test_fuzz_images[Tests/images/bmp/g/pal4.bmp]>
        <Function test_fuzz_images[Tests/images/bmp/g/pal4rle.bmp]>
        <Function test_fuzz_images[Tests/images/bmp/g/pal8-0.bmp]>
        <Function test_fuzz_images[Tests/images/bmp/g/pal8.bmp]>
        <Function test_fuzz_images[Tests/images/bmp/g/pal8nonsquare.bmp]>
        <Function test_fuzz_images[Tests/images/bmp/g/pal8os2.bmp]>
        <Function test_fuzz_images[Tests/images/bmp/g/pal8rle.bmp]>
        <Function test_fuzz_images[Tests/images/bmp/g/pal8topdown.bmp]>
        <Function test_fuzz_images[Tests/images/bmp/g/pal8v4.bmp]>
        <Function test_fuzz_images[Tests/images/bmp/g/pal8v5.bmp]>
        <Function test_fuzz_images[Tests/images/bmp/g/pal8w124.bmp]>
        <Function test_fuzz_images[Tests/images/bmp/g/pal8w125.bmp]>
        <Function test_fuzz_images[Tests/images/bmp/g/pal8w126.bmp]>
        <Function test_fuzz_images[Tests/images/bmp/g/rgb16-565.bmp]>
        <Function test_fuzz_images[Tests/images/bmp/g/rgb16-565pal.bmp]>
        <Function test_fuzz_images[Tests/images/bmp/g/rgb16.bmp]>
        <Function test_fuzz_images[Tests/images/bmp/g/rgb24.bmp]>
        <Function test_fuzz_images[Tests/images/bmp/g/rgb24pal.bmp]>
        <Function test_fuzz_images[Tests/images/bmp/g/rgb32.bmp]>
        <Function test_fuzz_images[Tests/images/bmp/g/rgb32bf.bmp]>
        <Function test_fuzz_images[Tests/images/bmp/html/pal1.png]>
        <Function test_fuzz_images[Tests/images/bmp/html/pal1bg.png]>
        <Function test_fuzz_images[Tests/images/bmp/html/pal4.png]>
        <Function test_fuzz_images[Tests/images/bmp/html/pal8.png]>
        <Function test_fuzz_images[Tests/images/bmp/html/pal8nonsquare-e.png]>
        <Function test_fuzz_images[Tests/images/bmp/html/pal8w124.png]>
        <Function test_fuzz_images[Tests/images/bmp/html/pal8w125.png]>
        <Function test_fuzz_images[Tests/images/bmp/html/pal8w126.png]>
        <Function test_fuzz_images[Tests/images/bmp/html/rgb16-565.png]>
        <Function test_fuzz_images[Tests/images/bmp/html/rgb16.png]>
        <Function test_fuzz_images[Tests/images/bmp/html/rgb24.png]>
        <Function test_fuzz_images[Tests/images/bmp/q/pal1p1.bmp]>
        <Function test_fuzz_images[Tests/images/bmp/q/pal2.bmp]>
        <Function test_fuzz_images[Tests/images/bmp/q/pal4rletrns.bmp]>
        <Function test_fuzz_images[Tests/images/bmp/q/pal8offs.bmp]>
        <Function test_fuzz_images[Tests/images/bmp/q/pal8os2sp.bmp]>
        <Function test_fuzz_images[Tests/images/bmp/q/pal8os2v2-16.bmp]>
        <Function test_fuzz_images[Tests/images/bmp/q/pal8os2v2.bmp]>
        <Function test_fuzz_images[Tests/images/bmp/q/pal8oversizepal.bmp]>
        <Function test_fuzz_images[Tests/images/bmp/q/pal8rletrns.bmp]>
        <Function test_fuzz_images[Tests/images/bmp/q/rgb16-231.bmp]>
        <Function test_fuzz_images[Tests/images/bmp/q/rgb24jpeg.bmp]>
        <Function test_fuzz_images[Tests/images/bmp/q/rgb24largepal.bmp]>
        <Function test_fuzz_images[Tests/images/bmp/q/rgb24lprof.bmp]>
        <Function test_fuzz_images[Tests/images/bmp/q/rgb24png.bmp]>
        <Function test_fuzz_images[Tests/images/bmp/q/rgb24prof.bmp]>
        <Function test_fuzz_images[Tests/images/bmp/q/rgb32-111110.bmp]>
        <Function test_fuzz_images[Tests/images/bmp/q/rgb32bf-xbgr.bmp]>
        <Function test_fuzz_images[Tests/images/bmp/q/rgb32fakealpha.bmp]>
        <Function test_fuzz_images[Tests/images/bmp/q/rgb32h52.bmp]>
        <Function test_fuzz_images[Tests/images/bmp/q/rgba16-4444.bmp]>
        <Function test_fuzz_images[Tests/images/bmp/q/rgba32.bmp]>
        <Function test_fuzz_images[Tests/images/bmp/q/rgba32abf.bmp]>
        <Function test_fuzz_images[Tests/images/bmp/q/rgba32h56.bmp]>
        <Function test_fuzz_images[Tests/images/broken.png]>
        <Function test_fuzz_images[Tests/images/broken_data_stream.png]>
        <Function test_fuzz_images[Tests/images/broken_exif_dpi.jpg]>
        <Function test_fuzz_images[Tests/images/bw_gradient.imt]>
        <Function test_fuzz_images[Tests/images/bw_gradient.png]>
        <Function test_fuzz_images[Tests/images/caption_6_33_22.png]>
        <Function test_fuzz_images[Tests/images/cbdt.png]>
        <Function test_fuzz_images[Tests/images/cbdt_mask.png]>
        <Function test_fuzz_images[Tests/images/chi.gif]>
        <Function test_fuzz_images[Tests/images/child_ifd.tiff]>
        <Function test_fuzz_images[Tests/images/child_ifd_jpeg.tiff]>
        <Function test_fuzz_images[Tests/images/chromacheck-sbix.png]>
        <Function test_fuzz_images[Tests/images/chromacheck-sbix_mask.png]>
        <Function test_fuzz_images[Tests/images/clipboard.dib]>
        <Function test_fuzz_images[Tests/images/clipboard_target.png]>
        <Function test_fuzz_images[Tests/images/cmx3g8_wv_1998.260_0745_mcidas.ara]>
        <Function test_fuzz_images[Tests/images/cmx3g8_wv_1998.260_0745_mcidas.tiff]>
        <Function test_fuzz_images[Tests/images/color_snakes.png]>
        <Function test_fuzz_images[Tests/images/colr_bungee.png]>
        <Function test_fuzz_images[Tests/images/colr_bungee_mask.png]>
        <Function test_fuzz_images[Tests/images/colr_bungee_older.png]>
        <Function test_fuzz_images[Tests/images/combined_larger_than_size.psd]>
        <Function test_fuzz_images[Tests/images/comment.jp2]>
        <Function test_fuzz_images[Tests/images/comment_after_last_frame.gif]>
        <Function test_fuzz_images[Tests/images/comment_after_only_frame.gif]>
        <Function test_fuzz_images[Tests/images/compression.tif]>
        <Function test_fuzz_images[Tests/images/copyleft.png]>
        <Function test_fuzz_images[Tests/images/copyleft.tiff]>
        <Function test_fuzz_images[Tests/images/corner.lut]>
        <Function test_fuzz_images[Tests/images/courB08.bdf]>
        <Function test_fuzz_images[Tests/images/courB08.pbm]>
        <Function test_fuzz_images[Tests/images/courB08.pil]>
        <Function test_fuzz_images[Tests/images/crash-0c7e0e8e11ce787078f00b5b0ca409a167f070e0.tif]>
        <Function test_fuzz_images[Tests/images/crash-0da013a13571cc8eb457a39fee8db18f8a3c7127.tif]>
        <Function test_fuzz_images[Tests/images/crash-0e16d3bfb83be87356d026d66919deaefca44dac.tif]>
        <Function test_fuzz_images[Tests/images/crash-1152ec2d1a1a71395b6f2ce6721c38924d025bf3.tif]>
        <Function test_fuzz_images[Tests/images/crash-1185209cf7655b5aed8ae5e77784dfdd18ab59e9.tif]>
        <Function test_fuzz_images[Tests/images/crash-2020-10-test.tif]>
        <Function test_fuzz_images[Tests/images/crash-338516dbd2f0e83caddb8ce256c22db3bd6dc40f.tif]>
        <Function test_fuzz_images[Tests/images/crash-465703f71a0f0094873a3e0e82c9f798161171b8.sgi]>
        <Function test_fuzz_images[Tests/images/crash-4f085cc12ece8cde18758d42608bed6a2a2cfb1c.tif]>
        <Function test_fuzz_images[Tests/images/crash-4fb027452e6988530aa5dabee76eecacb3b79f8a.j2k]>
        <Function test_fuzz_images[Tests/images/crash-5762152299364352.fli]>
        <Function test_fuzz_images[Tests/images/crash-63b1dffefc8c075ddc606c0a2f5fdc15ece78863.tif]>
        <Function test_fuzz_images[Tests/images/crash-64834657ee604b8797bf99eac6a194c124a9a8ba.sgi]>
        <Function test_fuzz_images[Tests/images/crash-6b7f2244da6d0ae297ee0754a424213444e92778.sgi]>
        <Function test_fuzz_images[Tests/images/crash-74d2a78403a5a59db1fb0a2b8735ac068a75f6e3.tif]>
        <Function test_fuzz_images[Tests/images/crash-754d9c7ec485ffb76a90eeaab191ef69a2a3a3cd.sgi]>
        <Function test_fuzz_images[Tests/images/crash-7d4c83eb92150fb8f1653a697703ae06ae7c4998.j2k]>
        <Function test_fuzz_images[Tests/images/crash-86214e58da443d2b80820cff9677a38a33dcbbca.tif]>
        <Function test_fuzz_images[Tests/images/crash-abcf1c97b8fe42a6c68f1fb0b978530c98d57ced.sgi]>
        <Function test_fuzz_images[Tests/images/crash-b82e64d4f3f76d7465b6af535283029eda211259.sgi]>
        <Function test_fuzz_images[Tests/images/crash-c1b2595b8b0b92cc5f38b6635e98e3a119ade807.sgi]>
        <Function test_fuzz_images[Tests/images/crash-ccca68ff40171fdae983d924e127a721cab2bd50.j2k]>
        <Function test_fuzz_images[Tests/images/crash-d2c93af851d3ab9a19e34503626368b2ecde9c03.j2k]>
        <Function test_fuzz_images[Tests/images/crash-db8bfa78b19721225425530c5946217720d7df4e.sgi]>
        <Function test_fuzz_images[Tests/images/crash-f46f5b2f43c370fe65706c11449f567ecc345e74.tif]>
        <Function test_fuzz_images[Tests/images/cross_scan_line.png]>
        <Function test_fuzz_images[Tests/images/cross_scan_line.tga]>
        <Function test_fuzz_images[Tests/images/cross_scan_line_truncated.tga]>
        <Function test_fuzz_images[Tests/images/custom_gimp_palette.gpl]>
        <Function test_fuzz_images[Tests/images/decompression_bomb.gif]>
        <Function test_fuzz_images[Tests/images/decompression_bomb.ico]>
        <Function test_fuzz_images[Tests/images/decompression_bomb_extents.gif]>
        <Function test_fuzz_images[Tests/images/deerstalker.cur]>
        <Function test_fuzz_images[Tests/images/default_font.png]>
        <Function test_fuzz_images[Tests/images/default_font_freetype.png]>
        <Function test_fuzz_images[Tests/images/different_transparency.gif]>
        <Function test_fuzz_images[Tests/images/different_transparency_merged.png]>
        <Function test_fuzz_images[Tests/images/dilation4.lut]>
        <Function test_fuzz_images[Tests/images/dilation8.lut]>
        <Function test_fuzz_images[Tests/images/dispose_bgnd.gif]>
        <Function test_fuzz_images[Tests/images/dispose_bgnd_rgba.gif]>
        <Function test_fuzz_images[Tests/images/dispose_bgnd_transparency.gif]>
        <Function test_fuzz_images[Tests/images/dispose_none.gif]>
        <Function test_fuzz_images[Tests/images/dispose_none_load_end.gif]>
        <Function test_fuzz_images[Tests/images/dispose_none_load_end_second.png]>
        <Function test_fuzz_images[Tests/images/dispose_prev.gif]>
        <Function test_fuzz_images[Tests/images/dispose_prev_first_frame.gif]>
        <Function test_fuzz_images[Tests/images/dispose_prev_first_frame_seeked.png]>
        <Function test_fuzz_images[Tests/images/drawing.emf]>
        <Function test_fuzz_images[Tests/images/drawing.wmf]>
        <Function test_fuzz_images[Tests/images/drawing_emf_ref.png]>
        <Function test_fuzz_images[Tests/images/drawing_emf_ref_72_144.png]>
        <Function test_fuzz_images[Tests/images/drawing_wmf_ref.png]>
        <Function test_fuzz_images[Tests/images/drawing_wmf_ref_144.png]>
        <Function test_fuzz_images[Tests/images/dummy.container]>
        <Function test_fuzz_images[Tests/images/duplicate_frame.gif]>
        <Function test_fuzz_images[Tests/images/duplicate_number_of_loops.gif]>
        <Function test_fuzz_images[Tests/images/duplicate_xref_entry.pdf]>
        <Function test_fuzz_images[Tests/images/dxt1-rgb-4bbp-noalpha_MipMaps-1.dds]>
        <Function test_fuzz_images[Tests/images/dxt1-rgb-4bbp-noalpha_MipMaps-1.png]>
        <Function test_fuzz_images[Tests/images/dxt3-argb-8bbp-explicitalpha_MipMaps-1.dds]>
        <Function test_fuzz_images[Tests/images/dxt3-argb-8bbp-explicitalpha_MipMaps-1.png]>
        <Function test_fuzz_images[Tests/images/dxt5-argb-8bbp-interpolatedalpha_MipMaps-1.dds]>
        <Function test_fuzz_images[Tests/images/dxt5-argb-8bbp-interpolatedalpha_MipMaps-1.png]>
        <Function test_fuzz_images[Tests/images/dxt5-colorblock-alpha-issue-4142.dds]>
        <Function test_fuzz_images[Tests/images/edge.lut]>
        <Function test_fuzz_images[Tests/images/effect_mandelbrot.png]>
        <Function test_fuzz_images[Tests/images/effect_spread.png]>
        <Function test_fuzz_images[Tests/images/empty_gps_ifd.jpg]>
        <Function test_fuzz_images[Tests/images/eps/1.bmp]>
        <Function test_fuzz_images[Tests/images/eps/1.eps]>
        <Function test_fuzz_images[Tests/images/eps/1_boundingbox_after_imagedata.eps]>
        <Function test_fuzz_images[Tests/images/eps/1_second_imagedata.eps]>
        <Function test_fuzz_images[Tests/images/eps/binary_preview_map.eps]>
        <Function test_fuzz_images[Tests/images/eps/create_eps.gnuplot]>
        <Function test_fuzz_images[Tests/images/eps/illu10_no_preview.eps]>
        <Function test_fuzz_images[Tests/images/eps/illu10_preview.eps]>
        <Function test_fuzz_images[Tests/images/eps/illuCS6_no_preview.eps]>
        <Function test_fuzz_images[Tests/images/eps/illuCS6_preview.eps]>
        <Function test_fuzz_images[Tests/images/eps/non_zero_bb.eps]>
        <Function test_fuzz_images[Tests/images/eps/non_zero_bb.png]>
        <Function test_fuzz_images[Tests/images/eps/non_zero_bb_scale2.png]>
        <Function test_fuzz_images[Tests/images/eps/pil_sample_cmyk.eps]>
        <Function test_fuzz_images[Tests/images/eps/reqd_showpage.eps]>
        <Function test_fuzz_images[Tests/images/eps/reqd_showpage.png]>
        <Function test_fuzz_images[Tests/images/eps/reqd_showpage_transparency.png]>
        <Function test_fuzz_images[Tests/images/eps/timeout-d675703545fee17acab56e5fec644c19979175de.eps]>
        <Function test_fuzz_images[Tests/images/eps/zero_bb.eps]>
        <Function test_fuzz_images[Tests/images/eps/zero_bb.png]>
        <Function test_fuzz_images[Tests/images/eps/zero_bb_emptyline.eps]>
        <Function test_fuzz_images[Tests/images/eps/zero_bb_eof_before_boundingbox.eps]>
        <Function test_fuzz_images[Tests/images/eps/zero_bb_scale2.png]>
        <Function test_fuzz_images[Tests/images/eps/zero_bb_trailer.eps]>
        <Function test_fuzz_images[Tests/images/erosion4.lut]>
        <Function test_fuzz_images[Tests/images/erosion8.lut]>
        <Function test_fuzz_images[Tests/images/exif-200dpcm.jpg]>
        <Function test_fuzz_images[Tests/images/exif-72dpi-int.jpg]>
        <Function test_fuzz_images[Tests/images/exif-dpi-zerodivision.jpg]>
        <Function test_fuzz_images[Tests/images/exif-ifd-offset.jpg]>
        <Function test_fuzz_images[Tests/images/exif.png]>
        <Function test_fuzz_images[Tests/images/exif_gps.jpg]>
        <Function test_fuzz_images[Tests/images/exif_gps_typeerror.jpg]>
        <Function test_fuzz_images[Tests/images/exif_imagemagick.png]>
        <Function test_fuzz_images[Tests/images/exif_imagemagick_orientation.png]>
        <Function test_fuzz_images[Tests/images/exif_text.png]>
        <Function test_fuzz_images[Tests/images/exif_typeerror.jpg]>
        <Function test_fuzz_images[Tests/images/expected_to_read.jp2]>
        <Function test_fuzz_images[Tests/images/first_frame_transparency.gif]>
        <Function test_fuzz_images[Tests/images/five_channels.psd]>
        <Function test_fuzz_images[Tests/images/fli_oob/02r/02r00.fli]>
        <Function test_fuzz_images[Tests/images/fli_oob/02r/notes]>
        <Function test_fuzz_images[Tests/images/fli_oob/02r/others/02r01.fli]>
        <Function test_fuzz_images[Tests/images/fli_oob/02r/others/02r02.fli]>
        <Function test_fuzz_images[Tests/images/fli_oob/02r/others/02r03.fli]>
        <Function test_fuzz_images[Tests/images/fli_oob/02r/others/02r04.fli]>
        <Function test_fuzz_images[Tests/images/fli_oob/02r/reproducing]>
        <Function test_fuzz_images[Tests/images/fli_oob/03r/03r00.fli]>
        <Function test_fuzz_images[Tests/images/fli_oob/03r/notes]>
        <Function test_fuzz_images[Tests/images/fli_oob/03r/others/03r01.fli]>
        <Function test_fuzz_images[Tests/images/fli_oob/03r/others/03r02.fli]>
        <Function test_fuzz_images[Tests/images/fli_oob/03r/others/03r03.fli]>
        <Function test_fuzz_images[Tests/images/fli_oob/03r/others/03r04.fli]>
        <Function test_fuzz_images[Tests/images/fli_oob/03r/others/03r05.fli]>
        <Function test_fuzz_images[Tests/images/fli_oob/03r/others/03r06.fli]>
        <Function test_fuzz_images[Tests/images/fli_oob/03r/others/03r07.fli]>
        <Function test_fuzz_images[Tests/images/fli_oob/03r/others/03r08.fli]>
        <Function test_fuzz_images[Tests/images/fli_oob/03r/others/03r09.fli]>
        <Function test_fuzz_images[Tests/images/fli_oob/03r/others/03r10.fli]>
        <Function test_fuzz_images[Tests/images/fli_oob/03r/others/03r11.fli]>
        <Function test_fuzz_images[Tests/images/fli_oob/03r/reproducing]>
        <Function test_fuzz_images[Tests/images/fli_oob/04r/04r00.fli]>
        <Function test_fuzz_images[Tests/images/fli_oob/04r/initial.fli]>
        <Function test_fuzz_images[Tests/images/fli_oob/04r/notes]>
        <Function test_fuzz_images[Tests/images/fli_oob/04r/others/04r01.fli]>
        <Function test_fuzz_images[Tests/images/fli_oob/04r/others/04r02.fli]>
        <Function test_fuzz_images[Tests/images/fli_oob/04r/others/04r03.fli]>
        <Function test_fuzz_images[Tests/images/fli_oob/04r/others/04r04.fli]>
        <Function test_fuzz_images[Tests/images/fli_oob/04r/others/04r05.fli]>
        <Function test_fuzz_images[Tests/images/fli_oob/04r/reproducing]>
        <Function test_fuzz_images[Tests/images/fli_oob/05r/05r00.fli]>
        <Function test_fuzz_images[Tests/images/fli_oob/05r/notes]>
        <Function test_fuzz_images[Tests/images/fli_oob/05r/others/05r01.fli]>
        <Function test_fuzz_images[Tests/images/fli_oob/05r/others/05r02.fli]>
        <Function test_fuzz_images[Tests/images/fli_oob/05r/others/05r03.fli]>
        <Function test_fuzz_images[Tests/images/fli_oob/05r/others/05r04.fli]>
        <Function test_fuzz_images[Tests/images/fli_oob/05r/others/05r05.fli]>
        <Function test_fuzz_images[Tests/images/fli_oob/05r/others/05r06.fli]>
        <Function test_fuzz_images[Tests/images/fli_oob/05r/others/05r07.fli]>
        <Function test_fuzz_images[Tests/images/fli_oob/05r/reproducing]>
        <Function test_fuzz_images[Tests/images/fli_oob/06r/06r00.fli]>
        <Function test_fuzz_images[Tests/images/fli_oob/06r/notes]>
        <Function test_fuzz_images[Tests/images/fli_oob/06r/others/06r01.fli]>
        <Function test_fuzz_images[Tests/images/fli_oob/06r/others/06r02.fli]>
        <Function test_fuzz_images[Tests/images/fli_oob/06r/others/06r03.fli]>
        <Function test_fuzz_images[Tests/images/fli_oob/06r/others/06r04.fli]>
        <Function test_fuzz_images[Tests/images/fli_oob/06r/reproducing]>
        <Function test_fuzz_images[Tests/images/fli_oob/patch0/000000]>
        <Function test_fuzz_images[Tests/images/fli_oob/patch0/000001]>
        <Function test_fuzz_images[Tests/images/fli_oob/patch0/000002]>
        <Function test_fuzz_images[Tests/images/fli_oob/patch0/000003]>
        <Function test_fuzz_images[Tests/images/fli_overflow.fli]>
        <Function test_fuzz_images[Tests/images/fli_overrun.bin]>
        <Function test_fuzz_images[Tests/images/fli_overrun2.bin]>
        <Function test_fuzz_images[Tests/images/flower.jpg]>
        <Function test_fuzz_images[Tests/images/flower.webp]>
        <Function test_fuzz_images[Tests/images/flower2.jpg]>
        <Function test_fuzz_images[Tests/images/flower2.webp]>
        <Function test_fuzz_images[Tests/images/flower_thumbnail.png]>
        <Function test_fuzz_images[Tests/images/frame_size.mpo]>
        <Function test_fuzz_images[Tests/images/frozenpond.mpo]>
        <Function test_fuzz_images[Tests/images/ftex_dxt1.ftc]>
        <Function test_fuzz_images[Tests/images/ftex_dxt1.png]>
        <Function test_fuzz_images[Tests/images/ftex_uncompressed.ftu]>
        <Function test_fuzz_images[Tests/images/ftex_uncompressed.png]>
        <Function test_fuzz_images[Tests/images/fujifilm.mpo]>
        <Function test_fuzz_images[Tests/images/full_gimp_palette.gpl]>
        <Function test_fuzz_images[Tests/images/g4-fillorder-test.png]>
        <Function test_fuzz_images[Tests/images/g4-fillorder-test.tif]>
        <Function test_fuzz_images[Tests/images/g4-multi.tiff]>
        <Function test_fuzz_images[Tests/images/g4_orientation_1.tif]>
        <Function test_fuzz_images[Tests/images/g4_orientation_2.tif]>
        <Function test_fuzz_images[Tests/images/g4_orientation_3.tif]>
        <Function test_fuzz_images[Tests/images/g4_orientation_4.tif]>
        <Function test_fuzz_images[Tests/images/g4_orientation_5.tif]>
        <Function test_fuzz_images[Tests/images/g4_orientation_6.tif]>
        <Function test_fuzz_images[Tests/images/g4_orientation_7.tif]>
        <Function test_fuzz_images[Tests/images/g4_orientation_8.tif]>
        <Function test_fuzz_images[Tests/images/gbr.gbr]>
        <Function test_fuzz_images[Tests/images/gbr.png]>
        <Function test_fuzz_images[Tests/images/gfs.t06z.rassda.tm00.bufr_d]>
        <Function test_fuzz_images[Tests/images/gif_header_data.pkl]>
        <Function test_fuzz_images[Tests/images/gimp_gradient.ggr]>
        <Function test_fuzz_images[Tests/images/gimp_gradient_with_name.ggr]>
        <Function test_fuzz_images[Tests/images/hdf5.h5]>
        <Function test_fuzz_images[Tests/images/high_ascii_chars.png]>
        <Function test_fuzz_images[Tests/images/hopper-XYZ.png]>
        <Function test_fuzz_images[Tests/images/hopper.Lab.tif]>
        <Function test_fuzz_images[Tests/images/hopper.bmp]>
        <Function test_fuzz_images[Tests/images/hopper.bw]>
        <Function test_fuzz_images[Tests/images/hopper.dcx]>
        <Function test_fuzz_images[Tests/images/hopper.dds]>
        <Function test_fuzz_images[Tests/images/hopper.fits]>
        <Function test_fuzz_images[Tests/images/hopper.fli]>
        <Function test_fuzz_images[Tests/images/hopper.gd]>
        <Function test_fuzz_images[Tests/images/hopper.gif]>
        <Function test_fuzz_images[Tests/images/hopper.iccprofile.tif]>
        <Function test_fuzz_images[Tests/images/hopper.iccprofile_binary.tif]>
        <Function test_fuzz_images[Tests/images/hopper.ico]>
        <Function test_fuzz_images[Tests/images/hopper.im]>
        <Function test_fuzz_images[Tests/images/hopper.jpg]>
        <Function test_fuzz_images[Tests/images/hopper.mic]>
        <Function test_fuzz_images[Tests/images/hopper.msp]>
        <Function test_fuzz_images[Tests/images/hopper.p7]>
        <Function test_fuzz_images[Tests/images/hopper.pcd]>
        <Function test_fuzz_images[Tests/images/hopper.pfm]>
        <Function test_fuzz_images[Tests/images/hopper.png]>
        <Function test_fuzz_images[Tests/images/hopper.pnm]>
        <Function test_fuzz_images[Tests/images/hopper.ppm]>
        <Function test_fuzz_images[Tests/images/hopper.psd]>
        <Function test_fuzz_images[Tests/images/hopper.pxr]>
        <Function test_fuzz_images[Tests/images/hopper.qoi]>
        <Function test_fuzz_images[Tests/images/hopper.ras]>
        <Function test_fuzz_images[Tests/images/hopper.rgb]>
        <Function test_fuzz_images[Tests/images/hopper.sgi]>
        <Function test_fuzz_images[Tests/images/hopper.spider]>
        <Function test_fuzz_images[Tests/images/hopper.tar]>
        <Function test_fuzz_images[Tests/images/hopper.tif]>
        <Function test_fuzz_images[Tests/images/hopper.wal]>
        <Function test_fuzz_images[Tests/images/hopper.webp]>
        <Function test_fuzz_images[Tests/images/hopper.xbm]>
        <Function test_fuzz_images[Tests/images/hopper.xpm]>
        <Function test_fuzz_images[Tests/images/hopper16.rgb]>
        <Function test_fuzz_images[Tests/images/hopper_16bit.pgm]>
        <Function test_fuzz_images[Tests/images/hopper_16bit_plain.pgm]>
        <Function test_fuzz_images[Tests/images/hopper_16bit_qtables.jpg]>
        <Function test_fuzz_images[Tests/images/hopper_1bit.pbm]>
        <Function test_fuzz_images[Tests/images/hopper_1bit_plain.pbm]>
        <Function test_fuzz_images[Tests/images/hopper_256x256.ico]>
        <Function test_fuzz_images[Tests/images/hopper_45.png]>
        <Function test_fuzz_images[Tests/images/hopper_8bit.pgm]>
        <Function test_fuzz_images[Tests/images/hopper_8bit.ppm]>
        <Function test_fuzz_images[Tests/images/hopper_8bit_plain.pgm]>
        <Function test_fuzz_images[Tests/images/hopper_8bit_plain.ppm]>
        <Function test_fuzz_images[Tests/images/hopper_bad.p7]>
        <Function test_fuzz_images[Tests/images/hopper_bad_checksum.msp]>
        <Function test_fuzz_images[Tests/images/hopper_bad_exif.jpg]>
        <Function test_fuzz_images[Tests/images/hopper_be.pfm]>
        <Function test_fuzz_images[Tests/images/hopper_bigtiff.tif]>
        <Function test_fuzz_images[Tests/images/hopper_bpp2.xpm]>
        <Function test_fuzz_images[Tests/images/hopper_bw_500.png]>
        <Function test_fuzz_images[Tests/images/hopper_draw.ico]>
        <Function test_fuzz_images[Tests/images/hopper_emboss.bmp]>
        <Function test_fuzz_images[Tests/images/hopper_emboss_more.bmp]>
        <Function test_fuzz_images[Tests/images/hopper_float_dpi_2.tif]>
        <Function test_fuzz_images[Tests/images/hopper_float_dpi_3.tif]>
        <Function test_fuzz_images[Tests/images/hopper_float_dpi_None.tif]>
        <Function test_fuzz_images[Tests/images/hopper_g4.tif]>
        <Function test_fuzz_images[Tests/images/hopper_g4_500.tif]>
        <Function test_fuzz_images[Tests/images/hopper_gray.jpg]>
        <Function test_fuzz_images[Tests/images/hopper_gray_4bpp.tif]>
        <Function test_fuzz_images[Tests/images/hopper_idat_after_image_end.png]>
        <Function test_fuzz_images[Tests/images/hopper_jpg.tif]>
        <Function test_fuzz_images[Tests/images/hopper_long_name.im]>
        <Function test_fuzz_images[Tests/images/hopper_lzma.tif]>
        <Function test_fuzz_images[Tests/images/hopper_lzw.tif]>
        <Function test_fuzz_images[Tests/images/hopper_mask.ico]>
        <Function test_fuzz_images[Tests/images/hopper_mask.png]>
        <Function test_fuzz_images[Tests/images/hopper_merged.psd]>
        <Function test_fuzz_images[Tests/images/hopper_naxis_zero.fits]>
        <Function test_fuzz_images[Tests/images/hopper_orientation_2.jpg]>
        <Function test_fuzz_images[Tests/images/hopper_orientation_2.webp]>
        <Function test_fuzz_images[Tests/images/hopper_orientation_3.jpg]>
        <Function test_fuzz_images[Tests/images/hopper_orientation_3.webp]>
        <Function test_fuzz_images[Tests/images/hopper_orientation_4.jpg]>
        <Function test_fuzz_images[Tests/images/hopper_orientation_4.webp]>
        <Function test_fuzz_images[Tests/images/hopper_orientation_5.jpg]>
        <Function test_fuzz_images[Tests/images/hopper_orientation_5.webp]>
        <Function test_fuzz_images[Tests/images/hopper_orientation_6.jpg]>
        <Function test_fuzz_images[Tests/images/hopper_orientation_6.webp]>
        <Function test_fuzz_images[Tests/images/hopper_orientation_7.jpg]>
        <Function test_fuzz_images[Tests/images/hopper_orientation_7.webp]>
        <Function test_fuzz_images[Tests/images/hopper_orientation_8.jpg]>
        <Function test_fuzz_images[Tests/images/hopper_orientation_8.webp]>
        <Function test_fuzz_images[Tests/images/hopper_palette_chunk_second.fli]>
        <Function test_fuzz_images[Tests/images/hopper_resized.gif]>
        <Function test_fuzz_images[Tests/images/hopper_rgb.xpm]>
        <Function test_fuzz_images[Tests/images/hopper_rle8.bmp]>
        <Function test_fuzz_images[Tests/images/hopper_rle8_grayscale.bmp]>
        <Function test_fuzz_images[Tests/images/hopper_rle8_row_overflow.bmp]>
        <Function test_fuzz_images[Tests/images/hopper_underscore.xbm]>
        <Function test_fuzz_images[Tests/images/hopper_unexpected.ico]>
        <Function test_fuzz_images[Tests/images/hopper_unknown_pixel_mode.tif]>
        <Function test_fuzz_images[Tests/images/hopper_wal.png]>
        <Function test_fuzz_images[Tests/images/hopper_webp.png]>
        <Function test_fuzz_images[Tests/images/hopper_webp.tif]>
        <Function test_fuzz_images[Tests/images/hopper_webp_bits.ppm]>
        <Function test_fuzz_images[Tests/images/hopper_webp_write.ppm]>
        <Function test_fuzz_images[Tests/images/hopper_zero_comment_subblocks.gif]>
        <Function test_fuzz_images[Tests/images/i_trns.png]>
        <Function test_fuzz_images[Tests/images/icc-after-SOF.jpg]>
        <Function test_fuzz_images[Tests/images/icc_profile.png]>
        <Function test_fuzz_images[Tests/images/icc_profile_big.jpg]>
        <Function test_fuzz_images[Tests/images/icc_profile_none.png]>
        <Function test_fuzz_images[Tests/images/ifd_tag_type.tiff]>
        <Function test_fuzz_images[Tests/images/ignore_frame_size.mpo]>
        <Function test_fuzz_images[Tests/images/imagedraw/continuous_horizontal_edges_polygon.png]>
        <Function test_fuzz_images[Tests/images/imagedraw/discontiguous_corners_polygon.png]>
        <Function test_fuzz_images[Tests/images/imagedraw/line_horizontal_slope1px_w2px.png]>
        <Function test_fuzz_images[Tests/images/imagedraw/line_horizontal_w101px.png]>
        <Function test_fuzz_images[Tests/images/imagedraw/line_horizontal_w2px_inverted.png]>
        <Function test_fuzz_images[Tests/images/imagedraw/line_horizontal_w2px_normal.png]>
        <Function test_fuzz_images[Tests/images/imagedraw/line_horizontal_w3px.png]>
        <Function test_fuzz_images[Tests/images/imagedraw/line_oblique_45_w3px_a.png]>
        <Function test_fuzz_images[Tests/images/imagedraw/line_oblique_45_w3px_b.png]>
        <Function test_fuzz_images[Tests/images/imagedraw/line_vertical_slope1px_w2px.png]>
        <Function test_fuzz_images[Tests/images/imagedraw/line_vertical_w101px.png]>
        <Function test_fuzz_images[Tests/images/imagedraw/line_vertical_w2px_inverted.png]>
        <Function test_fuzz_images[Tests/images/imagedraw/line_vertical_w2px_normal.png]>
        <Function test_fuzz_images[Tests/images/imagedraw/line_vertical_w3px.png]>
        <Function test_fuzz_images[Tests/images/imagedraw/square.png]>
        <Function test_fuzz_images[Tests/images/imagedraw/triangle_right.png]>
        <Function test_fuzz_images[Tests/images/imagedraw/triangle_right_width.png]>
        <Function test_fuzz_images[Tests/images/imagedraw/triangle_right_width_no_fill.png]>
        <Function test_fuzz_images[Tests/images/imagedraw2_text.png]>
        <Function test_fuzz_images[Tests/images/imagedraw_arc.png]>
        <Function test_fuzz_images[Tests/images/imagedraw_arc_end_le_start.png]>
        <Function test_fuzz_images[Tests/images/imagedraw_arc_high.png]>
        <Function test_fuzz_images[Tests/images/imagedraw_arc_no_loops.png]>
        <Function test_fuzz_images[Tests/images/imagedraw_arc_width.png]>
        <Function test_fuzz_images[Tests/images/imagedraw_arc_width_fill.png]>
        <Function test_fuzz_images[Tests/images/imagedraw_arc_width_non_whole_angle.png]>
        <Function test_fuzz_images[Tests/images/imagedraw_arc_width_pieslice.png]>
        <Function test_fuzz_images[Tests/images/imagedraw_big_rectangle.png]>
        <Function test_fuzz_images[Tests/images/imagedraw_bitmap.png]>
        <Function test_fuzz_images[Tests/images/imagedraw_chord_L.png]>
        <Function test_fuzz_images[Tests/images/imagedraw_chord_RGB.png]>
        <Function test_fuzz_images[Tests/images/imagedraw_chord_too_fat.png]>
        <Function test_fuzz_images[Tests/images/imagedraw_chord_width.png]>
        <Function test_fuzz_images[Tests/images/imagedraw_chord_width_fill.png]>
        <Function test_fuzz_images[Tests/images/imagedraw_chord_zero_width.png]>
        <Function test_fuzz_images[Tests/images/imagedraw_default_font_size.png]>
        <Function test_fuzz_images[Tests/images/imagedraw_ellipse_L.png]>
        <Function test_fuzz_images[Tests/images/imagedraw_ellipse_RGB.png]>
        <Function test_fuzz_images[Tests/images/imagedraw_ellipse_edge.png]>
        <Function test_fuzz_images[Tests/images/imagedraw_ellipse_translucent.png]>
        <Function test_fuzz_images[Tests/images/imagedraw_ellipse_various_sizes.png]>
        <Function test_fuzz_images[Tests/images/imagedraw_ellipse_various_sizes_filled.png]>
        <Function test_fuzz_images[Tests/images/imagedraw_ellipse_width.png]>
        <Function test_fuzz_images[Tests/images/imagedraw_ellipse_width_fill.png]>
        <Function test_fuzz_images[Tests/images/imagedraw_ellipse_width_large.png]>
        <Function test_fuzz_images[Tests/images/imagedraw_ellipse_zero_width.png]>
        <Function test_fuzz_images[Tests/images/imagedraw_floodfill2.png]>
        <Function test_fuzz_images[Tests/images/imagedraw_floodfill_L.png]>
        <Function test_fuzz_images[Tests/images/imagedraw_floodfill_RGB.png]>
        <Function test_fuzz_images[Tests/images/imagedraw_floodfill_RGBA.png]>
        <Function test_fuzz_images[Tests/images/imagedraw_floodfill_not_negative.png]>
        <Function test_fuzz_images[Tests/images/imagedraw_line.png]>
        <Function test_fuzz_images[Tests/images/imagedraw_line_joint_curve.png]>
        <Function test_fuzz_images[Tests/images/imagedraw_outline_chord_L.png]>
        <Function test_fuzz_images[Tests/images/imagedraw_outline_chord_RGB.png]>
        <Function test_fuzz_images[Tests/images/imagedraw_outline_ellipse_L.png]>
        <Function test_fuzz_images[Tests/images/imagedraw_outline_ellipse_RGB.png]>
        <Function test_fuzz_images[Tests/images/imagedraw_outline_pieslice_L.png]>
        <Function test_fuzz_images[Tests/images/imagedraw_outline_pieslice_RGB.png]>
        <Function test_fuzz_images[Tests/images/imagedraw_outline_polygon_L.png]>
        <Function test_fuzz_images[Tests/images/imagedraw_outline_polygon_RGB.png]>
        <Function test_fuzz_images[Tests/images/imagedraw_outline_rectangle_L.png]>
        <Function test_fuzz_images[Tests/images/imagedraw_outline_rectangle_RGB.png]>
        <Function test_fuzz_images[Tests/images/imagedraw_outline_shape_L.png]>
        <Function test_fuzz_images[Tests/images/imagedraw_outline_shape_RGB.png]>
        <Function test_fuzz_images[Tests/images/imagedraw_pieslice.png]>
        <Function test_fuzz_images[Tests/images/imagedraw_pieslice_wide.png]>
        <Function test_fuzz_images[Tests/images/imagedraw_pieslice_width.png]>
        <Function test_fuzz_images[Tests/images/imagedraw_pieslice_width_fill.png]>
        <Function test_fuzz_images[Tests/images/imagedraw_pieslice_zero_width.png]>
        <Function test_fuzz_images[Tests/images/imagedraw_point.png]>
        <Function test_fuzz_images[Tests/images/imagedraw_polygon.png]>
        <Function test_fuzz_images[Tests/images/imagedraw_polygon_1px_high.png]>
        <Function test_fuzz_images[Tests/images/imagedraw_polygon_1px_high_translucent.png]>
        <Function test_fuzz_images[Tests/images/imagedraw_polygon_kite_L.png]>
        <Function test_fuzz_images[Tests/images/imagedraw_polygon_kite_RGB.png]>
        <Function test_fuzz_images[Tests/images/imagedraw_polygon_translucent.png]>
        <Function test_fuzz_images[Tests/images/imagedraw_polygon_width_I.tiff]>
        <Function test_fuzz_images[Tests/images/imagedraw_rectangle.png]>
        <Function test_fuzz_images[Tests/images/imagedraw_rectangle_I.tiff]>
        <Function test_fuzz_images[Tests/images/imagedraw_rectangle_translucent_outline.png]>
        <Function test_fuzz_images[Tests/images/imagedraw_rectangle_width.png]>
        <Function test_fuzz_images[Tests/images/imagedraw_rectangle_width_fill.png]>
        <Function test_fuzz_images[Tests/images/imagedraw_rectangle_zero_width.png]>
        <Function test_fuzz_images[Tests/images/imagedraw_regular_octagon.png]>
        <Function test_fuzz_images[Tests/images/imagedraw_rounded_rectangle.png]>
        <Function test_fuzz_images[Tests/images/imagedraw_rounded_rectangle_both.png]>
        <Function test_fuzz_images[Tests/images/imagedraw_rounded_rectangle_corners_nnnn.png]>
        <Function test_fuzz_images[Tests/images/imagedraw_rounded_rectangle_corners_nnny.png]>
        <Function test_fuzz_images[Tests/images/imagedraw_rounded_rectangle_corners_nnyn.png]>
        <Function test_fuzz_images[Tests/images/imagedraw_rounded_rectangle_corners_nnyy.png]>
        <Function test_fuzz_images[Tests/images/imagedraw_rounded_rectangle_corners_nynn.png]>
        <Function test_fuzz_images[Tests/images/imagedraw_rounded_rectangle_corners_nyny.png]>
        <Function test_fuzz_images[Tests/images/imagedraw_rounded_rectangle_corners_nyyn.png]>
        <Function test_fuzz_images[Tests/images/imagedraw_rounded_rectangle_corners_nyyy.png]>
        <Function test_fuzz_images[Tests/images/imagedraw_rounded_rectangle_corners_ynnn.png]>
        <Function test_fuzz_images[Tests/images/imagedraw_rounded_rectangle_corners_ynny.png]>
        <Function test_fuzz_images[Tests/images/imagedraw_rounded_rectangle_corners_ynyn.png]>
        <Function test_fuzz_images[Tests/images/imagedraw_rounded_rectangle_corners_ynyy.png]>
        <Function test_fuzz_images[Tests/images/imagedraw_rounded_rectangle_corners_yynn.png]>
        <Function test_fuzz_images[Tests/images/imagedraw_rounded_rectangle_corners_yyny.png]>
        <Function test_fuzz_images[Tests/images/imagedraw_rounded_rectangle_corners_yyyn.png]>
        <Function test_fuzz_images[Tests/images/imagedraw_rounded_rectangle_corners_yyyy.png]>
        <Function test_fuzz_images[Tests/images/imagedraw_rounded_rectangle_joined_x_different_corners.png]>
        <Function test_fuzz_images[Tests/images/imagedraw_rounded_rectangle_non_integer_radius_given.png]>
        <Function test_fuzz_images[Tests/images/imagedraw_rounded_rectangle_non_integer_radius_height.png]>
        <Function test_fuzz_images[Tests/images/imagedraw_rounded_rectangle_non_integer_radius_width.png]>
        <Function test_fuzz_images[Tests/images/imagedraw_rounded_rectangle_radius.png]>
        <Function test_fuzz_images[Tests/images/imagedraw_rounded_rectangle_x.png]>
        <Function test_fuzz_images[Tests/images/imagedraw_rounded_rectangle_x_odd.png]>
        <Function test_fuzz_images[Tests/images/imagedraw_rounded_rectangle_y.png]>
        <Function test_fuzz_images[Tests/images/imagedraw_rounded_rectangle_y_odd.png]>
        <Function test_fuzz_images[Tests/images/imagedraw_shape1.png]>
        <Function test_fuzz_images[Tests/images/imagedraw_shape2.png]>
        <Function test_fuzz_images[Tests/images/imagedraw_square.png]>
        <Function test_fuzz_images[Tests/images/imagedraw_square_rotate_45.png]>
        <Function test_fuzz_images[Tests/images/imagedraw_stroke_descender.png]>
        <Function test_fuzz_images[Tests/images/imagedraw_stroke_different.png]>
        <Function test_fuzz_images[Tests/images/imagedraw_stroke_float.png]>
        <Function test_fuzz_images[Tests/images/imagedraw_stroke_multiline.png]>
        <Function test_fuzz_images[Tests/images/imagedraw_stroke_same.png]>
        <Function test_fuzz_images[Tests/images/imagedraw_triangle_width.png]>
        <Function test_fuzz_images[Tests/images/imagedraw_wide_line_dot.png]>
        <Function test_fuzz_images[Tests/images/imagedraw_wide_line_larger_than_int.png]>
        <Function test_fuzz_images[Tests/images/imageops_pad_h_0.jpg]>
        <Function test_fuzz_images[Tests/images/imageops_pad_h_1.jpg]>
        <Function test_fuzz_images[Tests/images/imageops_pad_h_2.jpg]>
        <Function test_fuzz_images[Tests/images/imageops_pad_v_0.jpg]>
        <Function test_fuzz_images[Tests/images/imageops_pad_v_1.jpg]>
        <Function test_fuzz_images[Tests/images/imageops_pad_v_2.jpg]>
        <Function test_fuzz_images[Tests/images/input_bw_five_bands.fpx]>
        <Function test_fuzz_images[Tests/images/input_bw_one_band.fpx]>
        <Function test_fuzz_images[Tests/images/input_bw_one_band.png]>
        <Function test_fuzz_images[Tests/images/invalid-exif-without-x-resolution.jpg]>
        <Function test_fuzz_images[Tests/images/invalid-exif.jpg]>
        <Function test_fuzz_images[Tests/images/invalid.spider]>
        <Function test_fuzz_images[Tests/images/invalid_header_length.jp2]>
        <Function test_fuzz_images[Tests/images/iptc.jpg]>
        <Function test_fuzz_images[Tests/images/iptc_roundUp.jpg]>
        <Function test_fuzz_images[Tests/images/iss634.apng]>
        <Function test_fuzz_images[Tests/images/iss634.gif]>
        <Function test_fuzz_images[Tests/images/iss634.webp]>
        <Function test_fuzz_images[Tests/images/issue_2278.tif]>
        <Function test_fuzz_images[Tests/images/issue_2811.gif]>
        <Function test_fuzz_images[Tests/images/issue_6194.j2k]>
        <Function test_fuzz_images[Tests/images/itxt_chunks.png]>
        <Function test_fuzz_images[Tests/images/jfif_unit_cm.jpg]>
        <Function test_fuzz_images[Tests/images/jpeg_ff00_header.jpg]>
        <Function test_fuzz_images[Tests/images/junk_jpeg_header.jpg]>
        <Function test_fuzz_images[Tests/images/l2rgb_read.bmp]>
        <Function test_fuzz_images[Tests/images/l_trns.png]>
        <Function test_fuzz_images[Tests/images/la.tga]>
        <Function test_fuzz_images[Tests/images/lab-green.tif]>
        <Function test_fuzz_images[Tests/images/lab-red.tif]>
        <Function test_fuzz_images[Tests/images/lab.tif]>
        <Function test_fuzz_images[Tests/images/libtiff_segfault.tif]>
        <Function test_fuzz_images[Tests/images/linear_gradient.png]>
        <Function test_fuzz_images[Tests/images/m13.fits]>
        <Function test_fuzz_images[Tests/images/m13_gzip.fits]>
        <Function test_fuzz_images[Tests/images/mask_1.cur]>
        <Function test_fuzz_images[Tests/images/mask_L.cur]>
        <Function test_fuzz_images[Tests/images/missing_background.gif]>
        <Function test_fuzz_images[Tests/images/missing_background_first_frame.png]>
        <Function test_fuzz_images[Tests/images/mmap_error.bmp]>
        <Function test_fuzz_images[Tests/images/morph_a.png]>
        <Function test_fuzz_images[Tests/images/multiline_text.png]>
        <Function test_fuzz_images[Tests/images/multiline_text_center.png]>
        <Function test_fuzz_images[Tests/images/multiline_text_justify.png]>
        <Function test_fuzz_images[Tests/images/multiline_text_justify_anchor.png]>
        <Function test_fuzz_images[Tests/images/multiline_text_right.png]>
        <Function test_fuzz_images[Tests/images/multiline_text_spacing.png]>
        <Function test_fuzz_images[Tests/images/multipage-lastframe.tif]>
        <Function test_fuzz_images[Tests/images/multipage-mmap.tiff]>
        <Function test_fuzz_images[Tests/images/multipage.tiff]>
        <Function test_fuzz_images[Tests/images/multipage_multiple_frame_loop.tiff]>
        <Function test_fuzz_images[Tests/images/multipage_out_of_order.tiff]>
        <Function test_fuzz_images[Tests/images/multipage_single_frame_loop.tiff]>
        <Function test_fuzz_images[Tests/images/multiple_comments.gif]>
        <Function test_fuzz_images[Tests/images/multiple_exif.jpg]>
        <Function test_fuzz_images[Tests/images/negative_layer_count.psd]>
        <Function test_fuzz_images[Tests/images/negative_size.ppm]>
        <Function test_fuzz_images[Tests/images/negative_top_left_layer.psd]>
        <Function test_fuzz_images[Tests/images/no-dpi-in-exif.jpg]>
        <Function test_fuzz_images[Tests/images/no_cursors.cur]>
        <Function test_fuzz_images[Tests/images/no_palette.gif]>
        <Function test_fuzz_images[Tests/images/no_palette_after_rgb.gif]>
        <Function test_fuzz_images[Tests/images/no_palette_with_background.gif]>
        <Function test_fuzz_images[Tests/images/no_palette_with_transparency.gif]>
        <Function test_fuzz_images[Tests/images/no_palette_with_transparency_after_rgb.gif]>
        <Function test_fuzz_images[Tests/images/no_rows_per_strip.tif]>
        <Function test_fuzz_images[Tests/images/not_enough_data.jp2]>
        <Function test_fuzz_images[Tests/images/odd_stride.pcx]>
        <Function test_fuzz_images[Tests/images/old-style-jpeg-compression-no-samplesperpixel.tif]>
        <Function test_fuzz_images[Tests/images/old-style-jpeg-compression.png]>
        <Function test_fuzz_images[Tests/images/old-style-jpeg-compression.tif]>
        <Function test_fuzz_images[Tests/images/oom-225817ca0f8c663be7ab4b9e717b02c661e66834.tif]>
        <Function test_fuzz_images[Tests/images/oom-8ed3316a4109213ca96fb8a256a0bfefdece1461.icns]>
        <Function test_fuzz_images[Tests/images/op_index.qoi]>
        <Function test_fuzz_images[Tests/images/orientation_rectangle.jpg]>
        <Function test_fuzz_images[Tests/images/ossfuzz-4836216264589312.pcx]>
        <Function test_fuzz_images[Tests/images/ossfuzz-5730089102868480.sgi]>
        <Function test_fuzz_images[Tests/images/p_16.png]>
        <Function test_fuzz_images[Tests/images/p_16.tga]>
        <Function test_fuzz_images[Tests/images/p_4_planes.pcx]>
        <Function test_fuzz_images[Tests/images/p_8.tga]>
        <Function test_fuzz_images[Tests/images/p_trns_single.png]>
        <Function test_fuzz_images[Tests/images/padded_idat.png]>
        <Function test_fuzz_images[Tests/images/pal8rletrns.png]>
        <Function test_fuzz_images[Tests/images/palette.dds]>
        <Function test_fuzz_images[Tests/images/palette_negative.png]>
        <Function test_fuzz_images[Tests/images/palette_not_needed_for_second_frame.gif]>
        <Function test_fuzz_images[Tests/images/palette_sepia.png]>
        <Function test_fuzz_images[Tests/images/palette_wedge.png]>
        <Function test_fuzz_images[Tests/images/pcx_overrun.bin]>
        <Function test_fuzz_images[Tests/images/pcx_overrun2.bin]>
        <Function test_fuzz_images[Tests/images/photoshop-200dpi-broken.jpg]>
        <Function test_fuzz_images[Tests/images/photoshop-200dpi.jpg]>
        <Function test_fuzz_images[Tests/images/pil123p.png]>
        <Function test_fuzz_images[Tests/images/pil123rgba.png]>
        <Function test_fuzz_images[Tests/images/pil123rgba.qoi]>
        <Function test_fuzz_images[Tests/images/pil136.png]>
        <Function test_fuzz_images[Tests/images/pil136.tiff]>
        <Function test_fuzz_images[Tests/images/pil168.png]>
        <Function test_fuzz_images[Tests/images/pil168.tif]>
        <Function test_fuzz_images[Tests/images/pil184.pcx]>
        <Function test_fuzz_images[Tests/images/pil_sample_cmyk.jpg]>
        <Function test_fuzz_images[Tests/images/pil_sample_rgb.jpg]>
        <Function test_fuzz_images[Tests/images/pillow.icns]>
        <Function test_fuzz_images[Tests/images/pillow.ico]>
        <Function test_fuzz_images[Tests/images/pillow2.icns]>
        <Function test_fuzz_images[Tests/images/pillow3.icns]>
        <Function test_fuzz_images[Tests/images/png_decompression_dos.png]>
        <Function test_fuzz_images[Tests/images/pngtest_bad.png.bin]>
        <Function test_fuzz_images[Tests/images/pport_g4.tif]>
        <Function test_fuzz_images[Tests/images/psd-oob-write-overflow.psd]>
        <Function test_fuzz_images[Tests/images/psd-oob-write-x.psd]>
        <Function test_fuzz_images[Tests/images/psd-oob-write-y.psd]>
        <Function test_fuzz_images[Tests/images/psd-oob-write.psd]>
        <Function test_fuzz_images[Tests/images/python.ico]>
        <Function test_fuzz_images[Tests/images/radial_gradient.png]>
        <Function test_fuzz_images[Tests/images/radial_gradients.png]>
        <Function test_fuzz_images[Tests/images/raw_negative_stride.bin]>
        <Function test_fuzz_images[Tests/images/rdf.tif]>
        <Function test_fuzz_images[Tests/images/rectangle_surrounding_text.png]>
        <Function test_fuzz_images[Tests/images/rgb.jpg]>
        <Function test_fuzz_images[Tests/images/rgb32bf-abgr.bmp]>
        <Function test_fuzz_images[Tests/images/rgb32bf-rgba.bmp]>
        <Function test_fuzz_images[Tests/images/rgb32rle.tga]>
        <Function test_fuzz_images[Tests/images/rgb32rle_bottom_right.tga]>
        <Function test_fuzz_images[Tests/images/rgb32rle_top_right.tga]>
        <Function test_fuzz_images[Tests/images/rgb_trns.png]>
        <Function test_fuzz_images[Tests/images/rgb_trns_ycbc.j2k]>
        <Function test_fuzz_images[Tests/images/rgb_trns_ycbc.jp2]>
        <Function test_fuzz_images[Tests/images/rgba.psd]>
        <Function test_fuzz_images[Tests/images/rgba16.tga]>
        <Function test_fuzz_images[Tests/images/rotate_45_no_fill.png]>
        <Function test_fuzz_images[Tests/images/rotate_45_with_fill.png]>
        <Function test_fuzz_images[Tests/images/second_frame_comment.gif]>
        <Function test_fuzz_images[Tests/images/seek_too_large.tif]>
        <Function test_fuzz_images[Tests/images/separate_planar_extra_samples.tiff]>
        <Function test_fuzz_images[Tests/images/sgi_crash.bin]>
        <Function test_fuzz_images[Tests/images/sgi_overrun.bin]>
        <Function test_fuzz_images[Tests/images/sgi_overrun_expandrow.bin]>
        <Function test_fuzz_images[Tests/images/sgi_overrun_expandrow2.bin]>
        <Function test_fuzz_images[Tests/images/sgi_overrun_expandrowF04.bin]>
        <Function test_fuzz_images[Tests/images/standard_embedded.png]>
        <Function test_fuzz_images[Tests/images/sugarshack.mpo]>
        <Function test_fuzz_images[Tests/images/sugarshack_bad_mpo_header.jpg]>
        <Function test_fuzz_images[Tests/images/sugarshack_ifd_offset.mpo]>
        <Function test_fuzz_images[Tests/images/sugarshack_no_data.mpo]>
        <Function test_fuzz_images[Tests/images/sunraster.im1]>
        <Function test_fuzz_images[Tests/images/sunraster.im1.png]>
        <Function test_fuzz_images[Tests/images/tRNS_null_1x1.png]>
        <Function test_fuzz_images[Tests/images/test-card-lossless.jp2]>
        <Function test_fuzz_images[Tests/images/test-card-lossy-tiled.jp2]>
        <Function test_fuzz_images[Tests/images/test-card.png]>
        <Function test_fuzz_images[Tests/images/test-ole-file.doc]>
        <Function test_fuzz_images[Tests/images/test.colors.gif]>
        <Function test_fuzz_images[Tests/images/test.gpl]>
        <Function test_fuzz_images[Tests/images/test_Nastalifont_text.png]>
        <Function test_fuzz_images[Tests/images/test_anchor_multiline_lm_center.png]>
        <Function test_fuzz_images[Tests/images/test_anchor_multiline_lm_left.png]>
        <Function test_fuzz_images[Tests/images/test_anchor_multiline_lm_right.png]>
        <Function test_fuzz_images[Tests/images/test_anchor_multiline_ma_center.png]>
        <Function test_fuzz_images[Tests/images/test_anchor_multiline_md_center.png]>
        <Function test_fuzz_images[Tests/images/test_anchor_multiline_mm_center.png]>
        <Function test_fuzz_images[Tests/images/test_anchor_multiline_mm_left.png]>
        <Function test_fuzz_images[Tests/images/test_anchor_multiline_mm_right.png]>
        <Function test_fuzz_images[Tests/images/test_anchor_multiline_rm_center.png]>
        <Function test_fuzz_images[Tests/images/test_anchor_multiline_rm_left.png]>
        <Function test_fuzz_images[Tests/images/test_anchor_multiline_rm_right.png]>
        <Function test_fuzz_images[Tests/images/test_anchor_quick_ls.png]>
        <Function test_fuzz_images[Tests/images/test_anchor_quick_ma.png]>
        <Function test_fuzz_images[Tests/images/test_anchor_quick_mb.png]>
        <Function test_fuzz_images[Tests/images/test_anchor_quick_md.png]>
        <Function test_fuzz_images[Tests/images/test_anchor_quick_mm.png]>
        <Function test_fuzz_images[Tests/images/test_anchor_quick_ms.png]>
        <Function test_fuzz_images[Tests/images/test_anchor_quick_mt.png]>
        <Function test_fuzz_images[Tests/images/test_anchor_quick_rs.png]>
        <Function test_fuzz_images[Tests/images/test_anchor_ttb_f_lt.png]>
        <Function test_fuzz_images[Tests/images/test_anchor_ttb_f_mm.png]>
        <Function test_fuzz_images[Tests/images/test_anchor_ttb_f_rb.png]>
        <Function test_fuzz_images[Tests/images/test_anchor_ttb_f_sm.png]>
        <Function test_fuzz_images[Tests/images/test_arabictext_features.png]>
        <Function test_fuzz_images[Tests/images/test_combine_caron.png]>
        <Function test_fuzz_images[Tests/images/test_combine_caron_below.png]>
        <Function test_fuzz_images[Tests/images/test_combine_caron_below_lb.png]>
        <Function test_fuzz_images[Tests/images/test_combine_caron_below_ld.png]>
        <Function test_fuzz_images[Tests/images/test_combine_caron_below_ls.png]>
        <Function test_fuzz_images[Tests/images/test_combine_caron_below_ttb.png]>
        <Function test_fuzz_images[Tests/images/test_combine_caron_below_ttb_lb.png]>
        <Function test_fuzz_images[Tests/images/test_combine_caron_la.png]>
        <Function test_fuzz_images[Tests/images/test_combine_caron_ls.png]>
        <Function test_fuzz_images[Tests/images/test_combine_caron_lt.png]>
        <Function test_fuzz_images[Tests/images/test_combine_caron_ttb.png]>
        <Function test_fuzz_images[Tests/images/test_combine_caron_ttb_lt.png]>
        <Function test_fuzz_images[Tests/images/test_combine_double_breve_below.png]>
        <Function test_fuzz_images[Tests/images/test_combine_double_breve_below_ma.png]>
        <Function test_fuzz_images[Tests/images/test_combine_double_breve_below_ra.png]>
        <Function test_fuzz_images[Tests/images/test_combine_double_breve_below_ttb.png]>
        <Function test_fuzz_images[Tests/images/test_combine_double_breve_below_ttb_mt.png]>
        <Function test_fuzz_images[Tests/images/test_combine_double_breve_below_ttb_rt.png]>
        <Function test_fuzz_images[Tests/images/test_combine_double_breve_below_ttb_st.png]>
        <Function test_fuzz_images[Tests/images/test_combine_multiline_lm_center.png]>
        <Function test_fuzz_images[Tests/images/test_combine_multiline_lm_left.png]>
        <Function test_fuzz_images[Tests/images/test_combine_multiline_lm_right.png]>
        <Function test_fuzz_images[Tests/images/test_combine_multiline_mm_center.png]>
        <Function test_fuzz_images[Tests/images/test_combine_multiline_mm_left.png]>
        <Function test_fuzz_images[Tests/images/test_combine_multiline_mm_right.png]>
        <Function test_fuzz_images[Tests/images/test_combine_multiline_rm_center.png]>
        <Function test_fuzz_images[Tests/images/test_combine_multiline_rm_left.png]>
        <Function test_fuzz_images[Tests/images/test_combine_multiline_rm_right.png]>
        <Function test_fuzz_images[Tests/images/test_combine_multiline_ttb.png]>
        <Function test_fuzz_images[Tests/images/test_combine_overline.png]>
        <Function test_fuzz_images[Tests/images/test_combine_overline_la.png]>
        <Function test_fuzz_images[Tests/images/test_combine_overline_ra.png]>
        <Function test_fuzz_images[Tests/images/test_combine_overline_ttb.png]>
        <Function test_fuzz_images[Tests/images/test_combine_overline_ttb_mt.png]>
        <Function test_fuzz_images[Tests/images/test_combine_overline_ttb_rt.png]>
        <Function test_fuzz_images[Tests/images/test_combine_overline_ttb_st.png]>
        <Function test_fuzz_images[Tests/images/test_complex_unicode_text.png]>
        <Function test_fuzz_images[Tests/images/test_complex_unicode_text2.png]>
        <Function test_fuzz_images[Tests/images/test_direction_ltr.png]>
        <Function test_fuzz_images[Tests/images/test_direction_rtl.png]>
        <Function test_fuzz_images[Tests/images/test_direction_ttb.png]>
        <Function test_fuzz_images[Tests/images/test_direction_ttb_stroke.png]>
        <Function test_fuzz_images[Tests/images/test_draw_pbm_target.png]>
        <Function test_fuzz_images[Tests/images/test_draw_pbm_ter_en_target.png]>
        <Function test_fuzz_images[Tests/images/test_draw_pbm_ter_pl_target.png]>
        <Function test_fuzz_images[Tests/images/test_extents.gif]>
        <Function test_fuzz_images[Tests/images/test_extents_transparency.gif]>
        <Function test_fuzz_images[Tests/images/test_kerning_features.png]>
        <Function test_fuzz_images[Tests/images/test_language.png]>
        <Function test_fuzz_images[Tests/images/test_ligature_features.png]>
        <Function test_fuzz_images[Tests/images/test_text.png]>
        <Function test_fuzz_images[Tests/images/test_woff2.png]>
        <Function test_fuzz_images[Tests/images/test_x_max_and_y_offset.png]>
        <Function test_fuzz_images[Tests/images/test_y_offset.png]>
        <Function test_fuzz_images[Tests/images/text_float_coord.png]>
        <Function test_fuzz_images[Tests/images/text_float_coord_1_alt.png]>
        <Function test_fuzz_images[Tests/images/text_mono.gif]>
        <Function test_fuzz_images[Tests/images/tga/common/1x1_l.png]>
        <Function test_fuzz_images[Tests/images/tga/common/1x1_l_bl_raw.tga]>
        <Function test_fuzz_images[Tests/images/tga/common/1x1_l_bl_rle.tga]>
        <Function test_fuzz_images[Tests/images/tga/common/1x1_l_tl_raw.tga]>
        <Function test_fuzz_images[Tests/images/tga/common/1x1_l_tl_rle.tga]>
        <Function test_fuzz_images[Tests/images/tga/common/200x32_l.png]>
        <Function test_fuzz_images[Tests/images/tga/common/200x32_l_bl_raw.tga]>
        <Function test_fuzz_images[Tests/images/tga/common/200x32_l_bl_rle.tga]>
        <Function test_fuzz_images[Tests/images/tga/common/200x32_l_tl_raw.tga]>
        <Function test_fuzz_images[Tests/images/tga/common/200x32_l_tl_rle.tga]>
        <Function test_fuzz_images[Tests/images/tga/common/200x32_la.png]>
        <Function test_fuzz_images[Tests/images/tga/common/200x32_la_bl_raw.tga]>
        <Function test_fuzz_images[Tests/images/tga/common/200x32_la_bl_rle.tga]>
        <Function test_fuzz_images[Tests/images/tga/common/200x32_la_tl_raw.tga]>
        <Function test_fuzz_images[Tests/images/tga/common/200x32_la_tl_rle.tga]>
        <Function test_fuzz_images[Tests/images/tga/common/200x32_p.png]>
        <Function test_fuzz_images[Tests/images/tga/common/200x32_p_bl_raw.tga]>
        <Function test_fuzz_images[Tests/images/tga/common/200x32_p_bl_rle.tga]>
        <Function test_fuzz_images[Tests/images/tga/common/200x32_p_tl_raw.tga]>
        <Function test_fuzz_images[Tests/images/tga/common/200x32_p_tl_rle.tga]>
        <Function test_fuzz_images[Tests/images/tga/common/200x32_rgb.png]>
        <Function test_fuzz_images[Tests/images/tga/common/200x32_rgb_bl_raw.tga]>
        <Function test_fuzz_images[Tests/images/tga/common/200x32_rgb_bl_rle.tga]>
        <Function test_fuzz_images[Tests/images/tga/common/200x32_rgb_tl_raw.tga]>
        <Function test_fuzz_images[Tests/images/tga/common/200x32_rgb_tl_rle.tga]>
        <Function test_fuzz_images[Tests/images/tga/common/200x32_rgba.png]>
        <Function test_fuzz_images[Tests/images/tga/common/200x32_rgba_bl_raw.tga]>
        <Function test_fuzz_images[Tests/images/tga/common/200x32_rgba_bl_rle.tga]>
        <Function test_fuzz_images[Tests/images/tga/common/200x32_rgba_tl_raw.tga]>
        <Function test_fuzz_images[Tests/images/tga/common/200x32_rgba_tl_rle.tga]>
        <Function test_fuzz_images[Tests/images/tga/common/readme.txt]>
        <Function test_fuzz_images[Tests/images/tga_id_field.tga]>
        <Function test_fuzz_images[Tests/images/tiff_16bit_RGB.tiff]>
        <Function test_fuzz_images[Tests/images/tiff_16bit_RGB_target.png]>
        <Function test_fuzz_images[Tests/images/tiff_16bit_RGBa.tiff]>
        <Function test_fuzz_images[Tests/images/tiff_16bit_RGBa_target.png]>
        <Function test_fuzz_images[Tests/images/tiff_adobe_deflate.png]>
        <Function test_fuzz_images[Tests/images/tiff_adobe_deflate.tif]>
        <Function test_fuzz_images[Tests/images/tiff_gray_2_4_bpp/hopper2.tif]>
        <Function test_fuzz_images[Tests/images/tiff_gray_2_4_bpp/hopper2I.tif]>
        <Function test_fuzz_images[Tests/images/tiff_gray_2_4_bpp/hopper2IR.tif]>
        <Function test_fuzz_images[Tests/images/tiff_gray_2_4_bpp/hopper2R.tif]>
        <Function test_fuzz_images[Tests/images/tiff_gray_2_4_bpp/hopper4.tif]>
        <Function test_fuzz_images[Tests/images/tiff_gray_2_4_bpp/hopper4I.tif]>
        <Function test_fuzz_images[Tests/images/tiff_gray_2_4_bpp/hopper4IR.tif]>
        <Function test_fuzz_images[Tests/images/tiff_gray_2_4_bpp/hopper4R.tif]>
        <Function test_fuzz_images[Tests/images/tiff_overflow_rows_per_strip.tif]>
        <Function test_fuzz_images[Tests/images/tiff_strip_cmyk_16l_jpeg.tif]>
        <Function test_fuzz_images[Tests/images/tiff_strip_cmyk_jpeg.tif]>
        <Function test_fuzz_images[Tests/images/tiff_strip_planar_16bit_RGB.tiff]>
        <Function test_fuzz_images[Tests/images/tiff_strip_planar_16bit_RGBa.tiff]>
        <Function test_fuzz_images[Tests/images/tiff_strip_planar_lzw.tiff]>
        <Function test_fuzz_images[Tests/images/tiff_strip_planar_raw.tif]>
        <Function test_fuzz_images[Tests/images/tiff_strip_planar_raw_with_overviews.tif]>
        <Function test_fuzz_images[Tests/images/tiff_strip_raw.tif]>
        <Function test_fuzz_images[Tests/images/tiff_strip_ycbcr_jpeg_1x1_sampling.tif]>
        <Function test_fuzz_images[Tests/images/tiff_strip_ycbcr_jpeg_2x2_sampling.tif]>
        <Function test_fuzz_images[Tests/images/tiff_tiled_cmyk_jpeg.tif]>
        <Function test_fuzz_images[Tests/images/tiff_tiled_planar_16bit_RGB.tiff]>
        <Function test_fuzz_images[Tests/images/tiff_tiled_planar_16bit_RGBa.tiff]>
        <Function test_fuzz_images[Tests/images/tiff_tiled_planar_lzw.tiff]>
        <Function test_fuzz_images[Tests/images/tiff_tiled_planar_raw.tif]>
        <Function test_fuzz_images[Tests/images/tiff_tiled_raw.tif]>
        <Function test_fuzz_images[Tests/images/tiff_tiled_ycbcr_jpeg_1x1_sampling.tif]>
        <Function test_fuzz_images[Tests/images/tiff_tiled_ycbcr_jpeg_2x2_sampling.tif]>
        <Function test_fuzz_images[Tests/images/tiff_wrong_bits_per_sample.tiff]>
        <Function test_fuzz_images[Tests/images/tiff_wrong_bits_per_sample_2.tiff]>
        <Function test_fuzz_images[Tests/images/tiff_wrong_bits_per_sample_3.tiff]>
        <Function test_fuzz_images[Tests/images/timeout-041dd17dfde800360a47a172269df127af138c6b.dds]>
        <Function test_fuzz_images[Tests/images/timeout-060745d3f534ad6e4128c51d336ea5489182c69d.blp]>
        <Function test_fuzz_images[Tests/images/timeout-1ee28a249896e05b83840ae8140622de8e648ba9.psd]>
        <Function test_fuzz_images[Tests/images/timeout-31c8f86233ea728339c6e586be7af661a09b5b98.blp]>
        <Function test_fuzz_images[Tests/images/timeout-52d106579505547091ef69b58341351a37c23e31.dds]>
        <Function test_fuzz_images[Tests/images/timeout-598843abc37fc080ec36a2699ebbd44f795d3a6f.psd]>
        <Function test_fuzz_images[Tests/images/timeout-60d8b7c8469d59fc9ffff6b3a3dc0faeae6ea8ee.blp]>
        <Function test_fuzz_images[Tests/images/timeout-6646305047838720]>
        <Function test_fuzz_images[Tests/images/timeout-755a4d204f4208e3597ac3391edebee196462bd0.dds]>
        <Function test_fuzz_images[Tests/images/timeout-8073b430977660cdd48d96f6406ddfd4114e69c7.blp]>
        <Function test_fuzz_images[Tests/images/timeout-9139147ce93e20eb14088fe238e541443ffd64b3.fli]>
        <Function test_fuzz_images[Tests/images/timeout-bba4f2e026b5786529370e5dfe9a11b1bf991f07.blp]>
        <Function test_fuzz_images[Tests/images/timeout-bff0a9dc7243a8e6ede2408d2ffa6a9964698b87.fli]>
        <Function test_fuzz_images[Tests/images/timeout-c60a3d7314213624607bfb3e38d551a8b24a7435.dds]>
        <Function test_fuzz_images[Tests/images/timeout-c8efc3fded6426986ba867a399791bae544f59bc.psd]>
        <Function test_fuzz_images[Tests/images/timeout-d6ec061c4afdef39d3edf6da8927240bb07fe9b7.blp]>
        <Function test_fuzz_images[Tests/images/timeout-dedc7a4ebd856d79b4359bbcc79e8ef231ce38f6.psd]>
        <Function test_fuzz_images[Tests/images/timeout-ef9112a065e7183fa7faa2e18929b03e44ee16bf.blp]>
        <Function test_fuzz_images[Tests/images/tiny.png]>
        <Function test_fuzz_images[Tests/images/total-pages-zero.tif]>
        <Function test_fuzz_images[Tests/images/trailer_loop.pdf]>
        <Function test_fuzz_images[Tests/images/transparent.gif]>
        <Function test_fuzz_images[Tests/images/transparent.png]>
        <Function test_fuzz_images[Tests/images/transparent.sgi]>
        <Function test_fuzz_images[Tests/images/transparent.webp]>
        <Function test_fuzz_images[Tests/images/transparent_background_text.png]>
        <Function test_fuzz_images[Tests/images/transparent_background_text_L.png]>
        <Function test_fuzz_images[Tests/images/transparent_dispose.gif]>
        <Function test_fuzz_images[Tests/images/truncated_app14.jpg]>
        <Function test_fuzz_images[Tests/images/truncated_end_chunk.png]>
        <Function test_fuzz_images[Tests/images/truncated_exif_dpi.jpg]>
        <Function test_fuzz_images[Tests/images/truncated_image.png]>
        <Function test_fuzz_images[Tests/images/truncated_jpeg.jpg]>
        <Function test_fuzz_images[Tests/images/tv.rgb]>
        <Function test_fuzz_images[Tests/images/tv16.sgi]>
        <Function test_fuzz_images[Tests/images/uint16_1_4660.tif]>
        <Function test_fuzz_images[Tests/images/ultrahdr.jpg]>
        <Function test_fuzz_images[Tests/images/unbound_variable.jp2]>
        <Function test_fuzz_images[Tests/images/uncompressed_l.dds]>
        <Function test_fuzz_images[Tests/images/uncompressed_l.png]>
        <Function test_fuzz_images[Tests/images/uncompressed_la.dds]>
        <Function test_fuzz_images[Tests/images/uncompressed_la.png]>
        <Function test_fuzz_images[Tests/images/uncompressed_rgb.dds]>
        <Function test_fuzz_images[Tests/images/uncompressed_rgb.png]>
[...]
      <Function test_autocontrast_preserve_one_color[color2]>
      <Function test_autocontrast_preserve_one_color[color3]>
    <Module test_imageops_usm.py>
      <Function test_filter_api>
      <Function test_usm_formats>
      <Function test_blur_formats>
      <Function test_usm_accuracy>
      <Function test_blur_accuracy>
    <Module test_imagepalette.py>
      <Function test_sanity>
      <Function test_reload>
      <Function test_save_fp>
      <Function test_getcolor>
      <Function test_getcolor_rgba>
      <Function test_getcolor_rgba_color_rgb_palette>
      <Function test_getcolor_not_special[0-palette0]>
      <Function test_getcolor_not_special[255-palette1]>
      <Function test_file>
      <Function test_make_linear_lut>
      <Function test_make_linear_lut_not_yet_implemented>
      <Function test_make_gamma_lut>
      <Function test_rawmode_valueerrors>
      <Function test_getdata>
      <Function test_rawmode_getdata>
      <Function test_2bit_palette>
      <Function test_getpalette>
      <Function test_invalid_palette>
    <Module test_imagepath.py>
      <Function test_path>
      <Function test_path_constructors[coords0]>
      <Function test_path_constructors[coords1]>
      <Function test_path_constructors[coords2]>
      <Function test_path_constructors[coords3]>
      <Function test_path_constructors[coords4]>
      <Function test_path_constructors[coords5]>
      <Function test_path_constructors[coords6]>
      <Function test_path_constructors[coords7]>
      <Function test_path_constructors[coords8]>
      <Function test_path_constructors[coords9]>
      <Function test_path_constructors[\x00\x00\x00\x00\x00\x00\x80?]>
      <Function test_path_constructors[coords11]>
      <Function test_path_list_of_lists[coords0-expected0]>
      <Function test_path_list_of_lists[coords1-expected1]>
      <Function test_invalid_list_coords[coords0-coordinate list must contain exactly 2 coordinates]>
      <Function test_invalid_list_coords[coords1-coordinate list must contain exactly 2 coordinates]>
      <Function test_invalid_list_coords[coords2-coordinate list must contain numbers]>
      <Function test_invalid_list_coords[coords3-coordinate list must contain numbers]>
      <Function test_invalid_path_constructors>
      <Function test_path_odd_number_of_coordinates[coords0]>
      <Function test_path_odd_number_of_coordinates[coords1]>
      <Function test_path_odd_number_of_coordinates[coords2]>
      <Function test_path_odd_number_of_coordinates[coords3]>
      <Function test_getbbox[coords0-expected0]>
      <Function test_getbbox[coords1-expected1]>
      <Function test_getbbox[0-expected2]>
      <Function test_getbbox[1-expected3]>
      <Function test_getbbox_no_args>
      <Function test_map[0-expected0]>
      <Function test_map[coords1-expected1]>
      <Function test_transform>
      <Function test_transform_with_wrap>
      <Function test_overflow_segfault>
      <Function test_compact_within_map>
    <Module test_imageqt.py>
      <Function test_rgb>
      <Function test_image[1]>
      <Function test_image[RGB]>
      <Function test_image[RGBA]>
      <Function test_image[L]>
      <Function test_image[P]>
      <Function test_image[I;16]>
      <Function test_closed_file>
    <Module test_imagesequence.py>
      <Function test_sanity>
      <Function test_iterator>
      <Function test_iterator_min_frame>
      <Function test_multipage_tiff[True]>
      <Function test_multipage_tiff[False]>
      <Function test_consecutive>
      <Function test_palette_mmap>
      <Function test_all_frames>
    <Module test_imageshow.py>
      <Function test_sanity>
      <Function test_register>
      <Function test_viewer_show[-1]>
      <Function test_viewer_show[0]>
      <Function test_show[1]>
      <Function test_show[I;16]>
      <Function test_show[LA]>
      <Function test_show[RGB]>
      <Function test_show[RGBA]>
      <Function test_show_without_viewers>
      <Function test_show_file[viewer0]>
      <Function test_show_file[viewer1]>
      <Function test_show_file[viewer2]>
      <Function test_show_file[viewer3]>
      <Function test_show_file[viewer4]>
      <Function test_show_file[viewer5]>
      <Function test_show_file[viewer6]>
      <Function test_show_file[viewer7]>
      <Function test_show_file[viewer8]>
      <Function test_viewer>
      <Function test_viewers[NOTSET]>
      <Function test_windowsviewer>
      <Function test_ipythonviewer>
    <Module test_imagestat.py>
      <Function test_sanity>
      <Function test_hopper>
      <Function test_constant>
      <Function test_zero_count>
    <Module test_imagetext.py>
      <Function test_get_length[None]>
      <Function test_get_bbox[None-A-expected0]>
      <Function test_get_bbox[None-AB-expected1]>
      <Function test_get_bbox[None-M-expected2]>
      <Function test_get_bbox[None-y-expected3]>
      <Function test_get_bbox[None-a-expected4]>
      <Function test_wrap_unsupported[None]>
      <Function test_get_length[0]>
      <Function test_get_bbox[0-A-expected0]>
      <Function test_get_bbox[0-AB-expected1]>
      <Function test_get_bbox[0-M-expected2]>
      <Function test_get_bbox[0-y-expected3]>
      <Function test_get_bbox[0-a-expected4]>
      <Function test_wrap_unsupported[0]>
      <Function test_get_length[1]>
      <Function test_get_bbox[1-A-expected0]>
      <Function test_get_bbox[1-AB-expected1]>
      <Function test_get_bbox[1-M-expected2]>
      <Function test_get_bbox[1-y-expected3]>
      <Function test_get_bbox[1-a-expected4]>
      <Function test_wrap_unsupported[1]>
      <Function test_standard_embedded_color[0]>
      <Function test_standard_embedded_color[1]>
      <Function test_stroke>
      <Function test_wrap[True-Hello World!-100-Hello World!]>
      <Function test_wrap[True-Hello World!-50-Hello\nWorld!]>
      <Function test_wrap[True-Keep  multiple spaces-90-Keep  multiple\nspaces]>
      <Function test_wrap[True- Keep\n leading space-100- Keep\n leading space]>
      <Function test_wrap[False-Hello World!-100-Hello World!]>
      <Function test_wrap[False-Hello World!-50-Hello\nWorld!]>
      <Function test_wrap[False-Keep  multiple spaces-90-Keep  multiple\nspaces]>
      <Function test_wrap[False- Keep\n leading space-100- Keep\n leading space]>
      <Function test_wrap_long_word>
      <Function test_wrap_height>
      <Function test_wrap_scaling_unsupported>
      <Function test_wrap_shrink>
      <Function test_wrap_grow>
    <Module test_imagetk.py>
      <Function test_kw>
      <Function test_photoimage[1]>
      <Function test_photoimage[L]>
      <Function test_photoimage[P]>
      <Function test_photoimage[RGB]>
      <Function test_photoimage[RGBA]>
      <Function test_photoimage_apply_transparency>
      <Function test_photoimage_blank[1]>
      <Function test_photoimage_blank[L]>
      <Function test_photoimage_blank[P]>
      <Function test_photoimage_blank[RGB]>
      <Function test_photoimage_blank[RGBA]>
      <Function test_bitmapimage>
    <Module test_imagewin.py>
      <Class TestImageWin>
        <Function test_sanity>
        <Function test_hdc>
        <Function test_hwnd>
      <Class TestImageWinDib>
        <Function test_dib_image>
        <Function test_dib_mode_string>
        <Function test_dib_hwnd>
        <Function test_dib_paste>
        <Function test_dib_paste_bbox>
        <Function test_dib_frombytes_tobytes_roundtrip>
    <Module test_lib_image.py>
      <Function test_setmode>
    <Module test_lib_pack.py>
      <Class TestLibPack>
        <Function test_1>
        <Function test_L>
        <Function test_LA>
        <Function test_La>
        <Function test_P>
        <Function test_PA>
        <Function test_RGB>
        <Function test_RGBA>
        <Function test_RGBa>
        <Function test_RGBX>
        <Function test_CMYK>
        <Function test_YCbCr>
        <Function test_LAB>
        <Function test_HSV>
        <Function test_I>
        <Function test_I16>
        <Function test_F_float>
      <Class TestLibUnpack>
        <Function test_1>
        <Function test_L>
        <Function test_LA>
        <Function test_La>
        <Function test_P>
        <Function test_PA>
        <Function test_RGB>
        <Function test_RGBA>
        <Function test_RGBa>
        <Function test_RGBX>
        <Function test_CMYK>
        <Function test_YCbCr>
        <Function test_LAB>
        <Function test_HSV>
        <Function test_I>
        <Function test_F_int>
        <Function test_F_float>
        <Function test_I16>
        <Function test_CMYK16>
        <Function test_value_error>
    <Module test_locale.py>
      <Function test_sanity>
    <Module test_main.py>
      <Function test_main[args0-False]>
      <Function test_main[args1-True]>
      <Function test_main[args2-True]>
    <Module test_map.py>
      <Function test_overflow>
      <Function test_tobytes>
      <Function test_ysize>
    <Module test_mode_i16.py>
      <Function test_basic[L]>
      <Function test_basic[I;16]>
      <Function test_basic[I;16B]>
      <Function test_basic[I;16L]>
      <Function test_basic[I]>
      <Function test_tobytes>
      <Function test_convert>
    <Module test_pdfparser.py>
      <Function test_text_encode_decode>
      <Function test_indirect_refs>
      <Function test_parsing>
      <Function test_pdfstream_flatedecode>
      <Function test_pdf_repr>
      <Function test_duplicate_xref_entry>
      <Function test_trailer_loop>
    <Module test_pickle.py>
      <Function test_pickle_image[0-Tests/images/hopper.jpg-None]>
      <Function test_pickle_image[0-Tests/images/hopper.jpg-L]>
      <Function test_pickle_image[0-Tests/images/hopper.jpg-PA]>
      <Function test_pickle_image[0-Tests/images/hopper.webp-None]>
      <Function test_pickle_image[0-Tests/images/hopper.tif-None]>
      <Function test_pickle_image[0-Tests/images/test-card.png-None]>
      <Function test_pickle_image[0-Tests/images/eps/zero_bb.png-None]>
      <Function test_pickle_image[0-Tests/images/eps/zero_bb_scale2.png-None]>
      <Function test_pickle_image[0-Tests/images/eps/non_zero_bb.png-None]>
      <Function test_pickle_image[0-Tests/images/eps/non_zero_bb_scale2.png-None]>
      <Function test_pickle_image[0-Tests/images/p_trns_single.png-None]>
      <Function test_pickle_image[0-Tests/images/pil123p.png-None]>
      <Function test_pickle_image[0-Tests/images/itxt_chunks.png-None]>
      <Function test_pickle_image[1-Tests/images/hopper.jpg-None]>
      <Function test_pickle_image[1-Tests/images/hopper.jpg-L]>
      <Function test_pickle_image[1-Tests/images/hopper.jpg-PA]>
      <Function test_pickle_image[1-Tests/images/hopper.webp-None]>
      <Function test_pickle_image[1-Tests/images/hopper.tif-None]>
      <Function test_pickle_image[1-Tests/images/test-card.png-None]>
      <Function test_pickle_image[1-Tests/images/eps/zero_bb.png-None]>
      <Function test_pickle_image[1-Tests/images/eps/zero_bb_scale2.png-None]>
      <Function test_pickle_image[1-Tests/images/eps/non_zero_bb.png-None]>
      <Function test_pickle_image[1-Tests/images/eps/non_zero_bb_scale2.png-None]>
      <Function test_pickle_image[1-Tests/images/p_trns_single.png-None]>
      <Function test_pickle_image[1-Tests/images/pil123p.png-None]>
      <Function test_pickle_image[1-Tests/images/itxt_chunks.png-None]>
      <Function test_pickle_image[2-Tests/images/hopper.jpg-None]>
      <Function test_pickle_image[2-Tests/images/hopper.jpg-L]>
      <Function test_pickle_image[2-Tests/images/hopper.jpg-PA]>
      <Function test_pickle_image[2-Tests/images/hopper.webp-None]>
      <Function test_pickle_image[2-Tests/images/hopper.tif-None]>
      <Function test_pickle_image[2-Tests/images/test-card.png-None]>
      <Function test_pickle_image[2-Tests/images/eps/zero_bb.png-None]>
      <Function test_pickle_image[2-Tests/images/eps/zero_bb_scale2.png-None]>
      <Function test_pickle_image[2-Tests/images/eps/non_zero_bb.png-None]>
      <Function test_pickle_image[2-Tests/images/eps/non_zero_bb_scale2.png-None]>
      <Function test_pickle_image[2-Tests/images/p_trns_single.png-None]>
      <Function test_pickle_image[2-Tests/images/pil123p.png-None]>
      <Function test_pickle_image[2-Tests/images/itxt_chunks.png-None]>
      <Function test_pickle_image[3-Tests/images/hopper.jpg-None]>
      <Function test_pickle_image[3-Tests/images/hopper.jpg-L]>
      <Function test_pickle_image[3-Tests/images/hopper.jpg-PA]>
      <Function test_pickle_image[3-Tests/images/hopper.webp-None]>
      <Function test_pickle_image[3-Tests/images/hopper.tif-None]>
      <Function test_pickle_image[3-Tests/images/test-card.png-None]>
      <Function test_pickle_image[3-Tests/images/eps/zero_bb.png-None]>
      <Function test_pickle_image[3-Tests/images/eps/zero_bb_scale2.png-None]>
      <Function test_pickle_image[3-Tests/images/eps/non_zero_bb.png-None]>
      <Function test_pickle_image[3-Tests/images/eps/non_zero_bb_scale2.png-None]>
      <Function test_pickle_image[3-Tests/images/p_trns_single.png-None]>
      <Function test_pickle_image[3-Tests/images/pil123p.png-None]>
      <Function test_pickle_image[3-Tests/images/itxt_chunks.png-None]>
      <Function test_pickle_image[4-Tests/images/hopper.jpg-None]>
      <Function test_pickle_image[4-Tests/images/hopper.jpg-L]>
      <Function test_pickle_image[4-Tests/images/hopper.jpg-PA]>
      <Function test_pickle_image[4-Tests/images/hopper.webp-None]>
      <Function test_pickle_image[4-Tests/images/hopper.tif-None]>
      <Function test_pickle_image[4-Tests/images/test-card.png-None]>
      <Function test_pickle_image[4-Tests/images/eps/zero_bb.png-None]>
      <Function test_pickle_image[4-Tests/images/eps/zero_bb_scale2.png-None]>
      <Function test_pickle_image[4-Tests/images/eps/non_zero_bb.png-None]>
      <Function test_pickle_image[4-Tests/images/eps/non_zero_bb_scale2.png-None]>
      <Function test_pickle_image[4-Tests/images/p_trns_single.png-None]>
      <Function test_pickle_image[4-Tests/images/pil123p.png-None]>
      <Function test_pickle_image[4-Tests/images/itxt_chunks.png-None]>
      <Function test_pickle_image[5-Tests/images/hopper.jpg-None]>
      <Function test_pickle_image[5-Tests/images/hopper.jpg-L]>
      <Function test_pickle_image[5-Tests/images/hopper.jpg-PA]>
      <Function test_pickle_image[5-Tests/images/hopper.webp-None]>
      <Function test_pickle_image[5-Tests/images/hopper.tif-None]>
      <Function test_pickle_image[5-Tests/images/test-card.png-None]>
      <Function test_pickle_image[5-Tests/images/eps/zero_bb.png-None]>
      <Function test_pickle_image[5-Tests/images/eps/zero_bb_scale2.png-None]>
      <Function test_pickle_image[5-Tests/images/eps/non_zero_bb.png-None]>
      <Function test_pickle_image[5-Tests/images/eps/non_zero_bb_scale2.png-None]>
      <Function test_pickle_image[5-Tests/images/p_trns_single.png-None]>
      <Function test_pickle_image[5-Tests/images/pil123p.png-None]>
      <Function test_pickle_image[5-Tests/images/itxt_chunks.png-None]>
      <Function test_pickle_jpeg>
      <Function test_pickle_la_mode_with_palette>
      <Function test_pickle_tell>
      <Function test_pickle_font_string[0]>
      <Function test_pickle_font_string[1]>
      <Function test_pickle_font_string[2]>
      <Function test_pickle_font_string[3]>
      <Function test_pickle_font_string[4]>
      <Function test_pickle_font_string[5]>
      <Function test_pickle_font_file[0]>
      <Function test_pickle_font_file[1]>
      <Function test_pickle_font_file[2]>
      <Function test_pickle_font_file[3]>
      <Function test_pickle_font_file[4]>
      <Function test_pickle_font_file[5]>
      <Function test_load_earlier_data>
    <Module test_psdraw.py>
      <Function test_draw_postscript>
      <Function test_stdout>
    <Module test_qt_image_qapplication.py>
      <Function test_sanity>
    <Module test_qt_image_toqimage.py>
      <Function test_sanity[RGB]>
      <Function test_sanity[RGBA]>
      <Function test_sanity[L]>
      <Function test_sanity[P]>
      <Function test_sanity[1]>
    <Module test_sgi_crash.py>
      <Function test_crashes[Tests/images/sgi_overrun_expandrowF04.bin]>
      <Function test_crashes[Tests/images/sgi_crash.bin]>
      <Function test_crashes[Tests/images/crash-6b7f2244da6d0ae297ee0754a424213444e92778.sgi]>
      <Function test_crashes[Tests/images/ossfuzz-5730089102868480.sgi]>
      <Function test_crashes[Tests/images/crash-754d9c7ec485ffb76a90eeaab191ef69a2a3a3cd.sgi]>
      <Function test_crashes[Tests/images/crash-465703f71a0f0094873a3e0e82c9f798161171b8.sgi]>
      <Function test_crashes[Tests/images/crash-64834657ee604b8797bf99eac6a194c124a9a8ba.sgi]>
      <Function test_crashes[Tests/images/crash-abcf1c97b8fe42a6c68f1fb0b978530c98d57ced.sgi]>
      <Function test_crashes[Tests/images/crash-b82e64d4f3f76d7465b6af535283029eda211259.sgi]>
      <Function test_crashes[Tests/images/crash-c1b2595b8b0b92cc5f38b6635e98e3a119ade807.sgi]>
      <Function test_crashes[Tests/images/crash-db8bfa78b19721225425530c5946217720d7df4e.sgi]>
    <Module test_shell_injection.py>
      <Class TestShellInjection>
        <Function test_load_djpeg_filename>
        <Function test_save_netpbm_filename_bmp_mode>
        <Function test_save_netpbm_filename_l_mode>
    <Module test_tiff_crashes.py>
      <Function test_tiff_crashes[Tests/images/crash_1.tif]>
      <Function test_tiff_crashes[Tests/images/crash_2.tif]>
      <Function test_tiff_crashes[Tests/images/crash-2020-10-test.tif]>
      <Function test_tiff_crashes[Tests/images/crash-0c7e0e8e11ce787078f00b5b0ca409a167f070e0.tif]>
      <Function test_tiff_crashes[Tests/images/crash-0e16d3bfb83be87356d026d66919deaefca44dac.tif]>
      <Function test_tiff_crashes[Tests/images/crash-1152ec2d1a1a71395b6f2ce6721c38924d025bf3.tif]>
      <Function test_tiff_crashes[Tests/images/crash-1185209cf7655b5aed8ae5e77784dfdd18ab59e9.tif]>
      <Function test_tiff_crashes[Tests/images/crash-338516dbd2f0e83caddb8ce256c22db3bd6dc40f.tif]>
      <Function test_tiff_crashes[Tests/images/crash-4f085cc12ece8cde18758d42608bed6a2a2cfb1c.tif]>
      <Function test_tiff_crashes[Tests/images/crash-86214e58da443d2b80820cff9677a38a33dcbbca.tif]>
      <Function test_tiff_crashes[Tests/images/crash-f46f5b2f43c370fe65706c11449f567ecc345e74.tif]>
      <Function test_tiff_crashes[Tests/images/crash-63b1dffefc8c075ddc606c0a2f5fdc15ece78863.tif]>
      <Function test_tiff_crashes[Tests/images/crash-74d2a78403a5a59db1fb0a2b8735ac068a75f6e3.tif]>
      <Function test_tiff_crashes[Tests/images/crash-81154a65438ba5aaeca73fd502fa4850fbde60f8.tif]>
      <Function test_tiff_crashes[Tests/images/crash-0da013a13571cc8eb457a39fee8db18f8a3c7127.tif]>
      <Function test_tiff_mmap>
    <Module test_tiff_ifdrational.py>
      <Function test_sanity>
      <Function test_float>
      <Function test_ranges>
      <Function test_nonetype>
      <Function test_ifd_rational_save[True]>
      <Function test_ifd_rational_save[False]>
    <Module test_util.py>
      <Function test_is_path[filename.ext]>
      <Function test_is_path[test_path1]>
      <Function test_is_path[test_path2]>
      <Function test_is_not_path>
      <Function test_deferred_error>
    <Module test_webp_leaks.py>
      <Class TestWebPLeaks>
        <Function test_leak_load>

=========================== short test summary info ============================
SKIPPED [1] Tests/test_arro3.py:27: Arro3 not installed
SKIPPED [1] Tests/test_file_webp_alpha.py:16: WebP support not installed
SKIPPED [1] Tests/test_file_webp_lossless.py:11: WebP support not installed
SKIPPED [1] Tests/test_image_array.py:12: NumPy not installed
SKIPPED [1] Tests/test_nanoarrow.py:21: Nanoarrow not installed
SKIPPED [1] Tests/test_numpy.py:16: NumPy not installed
SKIPPED [1] Tests/test_pyarrow.py:21: PyArrow not installed
======================== 5148 tests collected in 1.62s =========================
