============================= test session starts ==============================
platform linux -- Python 3.12.13, pytest-9.1.1, pluggy-1.6.0
rootdir: /data/xumengying/tool-verify/scikit-image-verify/src/scikit-image
configfile: pyproject.toml
testpaths: skimage, _skimage2, ./tests/
plugins: cov-7.1.0, doctestplus-1.7.1, localserver-0.10.0, pretty-1.3.0, xdist-3.8.0
collected 18968 items / 13 skipped

tests/skimage/color/test_adapt_rgb.py .......                            [  0%]
tests/skimage/color/test_colorconv.py .................................. [  0%]
........................................................................ [  0%]
........................................................................ [  0%]
........................................................................ [  1%]
........................................................................ [  1%]
...                                                                      [  1%]
tests/skimage/color/test_colorlabel.py ............................      [  1%]
tests/skimage/color/test_delta_e.py .............................        [  2%]
tests/skimage/data/test_data.py F                                        [  2%]
tests/skimage/data/test_data.py:14 test_download_all_with_pooch
tests/skimage/data/test_data.py ..........................F              [  2%]
tests/skimage/data/test_data.py:220 test_vortex - requests.exception…
tests/skimage/data/test_data.py .                                        [  2%]
tests/skimage/draw/test_draw.py .......................................s [  2%]
s...ssssss                                                               [  2%]
tests/skimage/draw/test_draw3d.py ........                               [  2%]
tests/skimage/draw/test_draw_nd.py ...                                   [  2%]
tests/skimage/draw/test_polygon2mask.py .                                [  2%]
tests/skimage/draw/test_random_shapes.py ...................             [  2%]
tests/skimage/exposure/test_exposure.py ................................ [  2%]
........................................................................ [  3%]
........ss                                                               [  3%]
tests/skimage/exposure/test_histogram_matching.py .............          [  3%]
tests/skimage/feature/test_basic_features.py .............               [  3%]
tests/skimage/feature/test_blob.py ..................................... [  3%]
..............................................                           [  3%]
tests/skimage/feature/test_brief.py ...............                      [  3%]
tests/skimage/feature/test_canny.py ............                         [  3%]
tests/skimage/feature/test_cascade.py .                                  [  3%]
tests/skimage/feature/test_censure.py .......                            [  3%]
tests/skimage/feature/test_corner.py ................................... [  4%]
...................................                                      [  4%]
tests/skimage/feature/test_daisy.py ........                             [  4%]
tests/skimage/feature/test_haar.py ..................................... [  4%]
..................                                                       [  4%]
tests/skimage/feature/test_hog.py ....................                   [  4%]
tests/skimage/feature/test_match.py ......                               [  4%]
tests/skimage/feature/test_orb.py .............                          [  4%]
tests/skimage/feature/test_peak.py ..................................... [  5%]
...............................                                          [  5%]
tests/skimage/feature/test_sift.py .......                               [  5%]
tests/skimage/feature/test_template.py ...........                       [  5%]
tests/skimage/feature/test_texture.py .................................  [  5%]
tests/skimage/feature/test_util.py ....ssssssssssss                      [  5%]
tests/skimage/filters/rank/test_rank.py ................................ [  5%]
........................................................................ [  6%]
........................................................................ [  6%]
........................................................................ [  6%]
........................................................................ [  7%]
........................................................................ [  7%]
........................................................................ [  8%]
............                                                             [  8%]
tests/skimage/filters/test_correlate.py ...................              [  8%]
tests/skimage/filters/test_edges.py .................................... [  8%]
.........................................................                [  8%]
tests/skimage/filters/test_fft_based.py ................................ [  8%]
................                                                         [  8%]
tests/skimage/filters/test_gabor.py ................                     [  9%]
tests/skimage/filters/test_gaussian.py ................................. [  9%]
......                                                                   [  9%]
tests/skimage/filters/test_lpi_filter.py .............                   [  9%]
tests/skimage/filters/test_median.py ..............                      [  9%]
tests/skimage/filters/test_ridges.py ........................            [  9%]
tests/skimage/filters/test_thresholding.py .s........................... [  9%]
........................................................................ [ 10%]
................                                                         [ 10%]
tests/skimage/filters/test_unsharp_mask.py ............................. [ 10%]
........................................................................ [ 10%]
........................................................................ [ 11%]
........................................................................ [ 11%]
........................................................................ [ 11%]
........................................................................ [ 12%]
........................................................................ [ 12%]
........................................................................ [ 12%]
........................................................................ [ 13%]
........................................................................ [ 13%]
........................................................................ [ 14%]
........................................................................ [ 14%]
........................................................................ [ 14%]
........................................................................ [ 15%]
........................................................................ [ 15%]
........................................................................ [ 15%]
........................................................................ [ 16%]
........................................................................ [ 16%]
........................................................................ [ 17%]
........................................................................ [ 17%]
........................................................................ [ 17%]
........................................................................ [ 18%]
........................................................................ [ 18%]
........................................................................ [ 19%]
........................................................................ [ 19%]
........................................................................ [ 19%]
........................................................................ [ 20%]
........................................................................ [ 20%]
........................................................................ [ 20%]
........................................................................ [ 21%]
........................................................................ [ 21%]
........................................................................ [ 22%]
........................................................................ [ 22%]
........................................................................ [ 22%]
........................................................................ [ 23%]
........................................................................ [ 23%]
........................................................................ [ 23%]
........................................................................ [ 24%]
........................................................................ [ 24%]
........................................................................ [ 25%]
........................................................................ [ 25%]
........................................................................ [ 25%]
........................................................................ [ 26%]
........................................................................ [ 26%]
........................................................................ [ 26%]
........................................................................ [ 27%]
........................................................................ [ 27%]
........................................................................ [ 28%]
........................................................................ [ 28%]
........................................................................ [ 28%]
........................................................................ [ 29%]
.............................................................            [ 29%]
tests/skimage/filters/test_window.py .................                   [ 29%]
tests/skimage/future/test_trainable_segmentation.py ....                 [ 29%]
tests/skimage/graph/test_anisotropy.py .                                 [ 29%]
tests/skimage/graph/test_connect.py .                                    [ 29%]
tests/skimage/graph/test_flexible.py .                                   [ 29%]
tests/skimage/graph/test_heap.py .                                       [ 29%]
tests/skimage/graph/test_mcp.py .................                        [ 29%]
tests/skimage/graph/test_pixel_graph.py ..........                       [ 29%]
tests/skimage/graph/test_rag.py ............                             [ 29%]
tests/skimage/graph/test_spath.py ...                                    [ 29%]
tests/skimage/io/test_collection.py .............                        [ 30%]
tests/skimage/io/test_imageio.py ...........                             [ 30%]
tests/skimage/io/test_io.py .................                            [ 30%]
tests/skimage/io/test_multi_image.py .......                             [ 30%]
tests/skimage/io/test_pil.py .........................                   [ 30%]
tests/skimage/io/test_plugin.py .sss.......                              [ 30%]
tests/skimage/io/test_sift_reader.py ..                                  [ 30%]
tests/skimage/io/test_tifffile.py ...................................... [ 30%]
...........................                                              [ 30%]
tests/skimage/measure/test_block.py ..........                           [ 30%]
tests/skimage/measure/test_blur_effect.py .........                      [ 30%]
tests/skimage/measure/test_ccomp.py ....................                 [ 30%]
tests/skimage/measure/test_colocalization.py .....                       [ 30%]
tests/skimage/measure/test_entropy.py ..                                 [ 30%]
tests/skimage/measure/test_find_contours.py .................            [ 31%]
tests/skimage/measure/test_fit.py ...................................... [ 31%]
........................................................................ [ 31%]
........................................................................ [ 32%]
....................................................                     [ 32%]
tests/skimage/measure/test_label.py ......                               [ 32%]
tests/skimage/measure/test_marching_cubes.py ........                    [ 32%]
tests/skimage/measure/test_moments.py .................................. [ 32%]
..........................................                               [ 32%]
tests/skimage/measure/test_pnpoly.py .....                               [ 32%]
tests/skimage/measure/test_polygon.py ..                                 [ 32%]
tests/skimage/measure/test_profile.py .........................          [ 32%]
tests/skimage/measure/test_regionprops.py .............................. [ 33%]
........................................................................ [ 33%]
........................................................................ [ 33%]
........................................................................ [ 34%]
....                                                                     [ 34%]
tests/skimage/metrics/test_segmentation_metrics.py ......                [ 34%]
tests/skimage/metrics/test_set_metrics.py .............................. [ 34%]
...............                                                          [ 34%]
tests/skimage/metrics/test_simple_metrics.py ................            [ 34%]
tests/skimage/metrics/test_structural_similarity.py .................... [ 34%]
.............................................................            [ 35%]
tests/skimage/morphology/test_binary.py ................................ [ 35%]
........................................................................ [ 35%]
........................................................................ [ 35%]
........................................................................ [ 36%]
.......................................................                  [ 36%]
tests/skimage/morphology/test_convex_hull.py ..........                  [ 36%]
tests/skimage/morphology/test_extrema.py .......................         [ 36%]
tests/skimage/morphology/test_flood_fill.py ...................          [ 36%]
tests/skimage/morphology/test_footprints.py ............................ [ 37%]
........................................................................ [ 37%]
........................................................................ [ 37%]
........................................................................ [ 38%]
.                                                                        [ 38%]
tests/skimage/morphology/test_gray.py .................................. [ 38%]
........................................................................ [ 38%]
........................................................................ [ 39%]
........................................................................ [ 39%]
........................................................................ [ 39%]
........................                                                 [ 40%]
tests/skimage/morphology/test_isotropic.py ........                      [ 40%]
tests/skimage/morphology/test_max_tree.py ........                       [ 40%]
tests/skimage/morphology/test_misc.py .................................. [ 40%]
........................................................................ [ 40%]
........                                                                 [ 40%]
tests/skimage/morphology/test_morph_util.py ....................         [ 40%]
tests/skimage/morphology/test_reconstruction.py ........................ [ 40%]
.......                                                                  [ 40%]
tests/skimage/morphology/test_skeletonize.py ........................... [ 41%]
..........................                                               [ 41%]
tests/skimage/registration/test_ilk.py .....................             [ 41%]
tests/skimage/registration/test_masked_phase_cross_correlation.py ...... [ 41%]
.......                                                                  [ 41%]
tests/skimage/registration/test_phase_cross_correlation.py ............. [ 41%]
.........................                                                [ 41%]
tests/skimage/registration/test_tvl1.py .........                        [ 41%]
tests/skimage/restoration/test_denoise.py .............................. [ 41%]
..................................................xxxxxxxxxxxxxxxxxxxxxx [ 42%]
xxxxxxxxxxxxxxxxxxxxxxxxxxxxxxxxxxxxxxxxxxxxxxxxxxxxxxxxxxxxxxxxxxx      [ 42%]
tests/skimage/restoration/test_inpaint.py .............................. [ 42%]
........                                                                 [ 42%]
tests/skimage/restoration/test_j_invariant.py xxxxxxxx                   [ 42%]
tests/skimage/restoration/test_restoration.py .......................    [ 42%]
tests/skimage/restoration/test_rolling_ball.py .......................   [ 43%]
tests/skimage/restoration/test_unwrap.py .................               [ 43%]
tests/skimage/segmentation/test_active_contour_model.py ...........      [ 43%]
tests/skimage/segmentation/test_boundaries.py ..............             [ 43%]
tests/skimage/segmentation/test_chan_vese.py .............               [ 43%]
tests/skimage/segmentation/test_clear_border.py ........                 [ 43%]
tests/skimage/segmentation/test_expand_labels.py ....................    [ 43%]
tests/skimage/segmentation/test_felzenszwalb.py ......                   [ 43%]
tests/skimage/segmentation/test_join.py ................................ [ 43%]
...............                                                          [ 43%]
tests/skimage/segmentation/test_morphsnakes.py .......                   [ 43%]
tests/skimage/segmentation/test_quickshift.py ...............            [ 43%]
tests/skimage/segmentation/test_random_walker.py ....................... [ 44%]
...............                                                          [ 44%]
tests/skimage/segmentation/test_slic.py ................................ [ 44%]
                                                                         [ 44%]
tests/skimage/segmentation/test_watershed.py ........................... [ 44%]
.....                                                                    [ 44%]
tests/skimage/test_doctest_adapters.py ................                  [ 44%]
tests/skimage/test_migration.py ................                         [ 44%]
tests/skimage/transform/test_finite_radon_transform.py .                 [ 44%]
tests/skimage/transform/test_geometric.py .............................. [ 44%]
........................................................................ [ 45%]
......                                                                   [ 45%]
tests/skimage/transform/test_hough_transform.py ........................ [ 45%]
.......                                                                  [ 45%]
tests/skimage/transform/test_integral.py .............                   [ 45%]
tests/skimage/transform/test_pyramids.py ............................... [ 45%]
.................                                                        [ 45%]
tests/skimage/transform/test_radon_transform.py ........................ [ 45%]
........................................................................ [ 46%]
.............................                                            [ 46%]
tests/skimage/transform/test_thin_plate_splines.py ......                [ 46%]
tests/skimage/transform/test_warps.py .................................. [ 46%]
........................................................................ [ 46%]
...........................................                              [ 47%]
tests/skimage/util/test_arraycrop.py ........                            [ 47%]
tests/skimage/util/test_backends.py .......                              [ 47%]
tests/skimage/util/test_compare.py ......                                [ 47%]
tests/skimage/util/test_dtype.py ....................................... [ 47%]
............................                                             [ 47%]
tests/skimage/util/test_invert.py ......                                 [ 47%]
tests/skimage/util/test_labels.py .....                                  [ 47%]
tests/skimage/util/test_map_array.py ................................... [ 47%]
........................................................................ [ 48%]
........................................................................ [ 48%]
..................................................                       [ 48%]
tests/skimage/util/test_montage.py ..................                    [ 48%]
tests/skimage/util/test_random_noise.py ...............                  [ 49%]
tests/skimage/util/test_regular_grid.py ....                             [ 49%]
tests/skimage/util/test_shape.py ..................                      [ 49%]
tests/skimage/util/test_slice_along_axes.py .........                    [ 49%]
tests/skimage/util/test_unique_rows.py .....                             [ 49%]
tests/skimage2/_shared/test_fast_exp.py .                                [ 49%]
tests/skimage2/_shared/test_interpolation.py .                           [ 49%]
tests/skimage2/_shared/test_safe_as_int.py ..                            [ 49%]
tests/skimage2/_shared/test_testing.py .......                           [ 49%]
tests/skimage2/_shared/test_utils.py ................................... [ 49%]
........................................................................ [ 49%]
...                                                                      [ 49%]
tests/skimage2/_shared/test_version_requirements.py ....                 [ 49%]
tests/skimage2/_shared/test_warnings.py .........                        [ 49%]
tests/skimage2/color/test_adapt_rgb.py .......                           [ 49%]
tests/skimage2/color/test_colorconv.py ................................. [ 50%]
........................................................................ [ 50%]
........................................................................ [ 50%]
........................................................................ [ 51%]
........................................................................ [ 51%]
....                                                                     [ 51%]
tests/skimage2/color/test_colorlabel.py ............................     [ 51%]
tests/skimage2/color/test_delta_e.py .............................       [ 51%]
tests/skimage2/data/test_data.py F                                       [ 52%]
tests/skimage2/data/test_data.py:12 test_download_all_with_pooch
tests/skimage2/data/test_data.py .......................F                [ 52%]
tests/skimage2/data/test_data.py:180 test_vortex - requests.exceptio…
tests/skimage2/data/test_data.py .                                       [ 52%]
tests/skimage2/data/test_synthetic.py ............                       [ 52%]
tests/skimage2/draw/test_draw.py ....................................... [ 52%]
ss...ssssss                                                              [ 52%]
tests/skimage2/draw/test_draw3d.py ........                              [ 52%]
tests/skimage2/draw/test_draw_nd.py ...                                  [ 52%]
tests/skimage2/draw/test_polygon2mask.py .                               [ 52%]
tests/skimage2/draw/test_random_shapes.py ...................            [ 52%]
tests/skimage2/exposure/test_exposure.py ............................... [ 52%]
........................................................................ [ 53%]
.........ss                                                              [ 53%]
tests/skimage2/exposure/test_histogram_matching.py .............         [ 53%]
tests/skimage2/feature/test_basic_features.py .............              [ 53%]
tests/skimage2/feature/test_blob.py .................................... [ 53%]
...............................................                          [ 53%]
tests/skimage2/feature/test_brief.py ...............                     [ 53%]
tests/skimage2/feature/test_canny.py ....................                [ 53%]
tests/skimage2/feature/test_cascade.py .                                 [ 53%]
tests/skimage2/feature/test_censure.py .......                           [ 54%]
tests/skimage2/feature/test_corner.py .................................. [ 54%]
....................................                                     [ 54%]
tests/skimage2/feature/test_daisy.py ........                            [ 54%]
tests/skimage2/feature/test_haar.py .................................... [ 54%]
...................                                                      [ 54%]
tests/skimage2/feature/test_hog.py ....................                  [ 54%]
tests/skimage2/feature/test_match.py ......                              [ 54%]
tests/skimage2/feature/test_orb.py .............                         [ 54%]
tests/skimage2/feature/test_peaks.py ................................... [ 55%]
........................................................................ [ 55%]
....                                                                     [ 55%]
tests/skimage2/feature/test_sift.py .......                              [ 55%]
tests/skimage2/feature/test_template.py ...........                      [ 55%]
tests/skimage2/feature/test_texture.py ................................. [ 55%]
                                                                         [ 55%]
tests/skimage2/feature/test_util.py ....ssssssssssss                     [ 55%]
tests/skimage2/filters/rank/test_rank.py ............................... [ 56%]
........................................................................ [ 56%]
........................................................................ [ 56%]
........................................................................ [ 57%]
........................................................................ [ 57%]
........................................................................ [ 57%]
........................................................................ [ 58%]
.............                                                            [ 58%]
tests/skimage2/filters/test_correlate.py ...................             [ 58%]
tests/skimage2/filters/test_edges.py ................................... [ 58%]
..........................................................               [ 58%]
tests/skimage2/filters/test_fft_based.py ............................... [ 59%]
.................                                                        [ 59%]
tests/skimage2/filters/test_gabor.py ................                    [ 59%]
tests/skimage2/filters/test_gaussian.py ................................ [ 59%]
......                                                                   [ 59%]
tests/skimage2/filters/test_lpi_filter.py .............                  [ 59%]
tests/skimage2/filters/test_median.py ..............                     [ 59%]
tests/skimage2/filters/test_ridges.py ........................           [ 59%]
tests/skimage2/filters/test_thresholding.py .s.......................... [ 59%]
........................................................................ [ 60%]
.................                                                        [ 60%]
tests/skimage2/filters/test_unsharp_mask.py ............................ [ 60%]
........................................................................ [ 60%]
........................................................................ [ 61%]
........................................................................ [ 61%]
........................................................................ [ 62%]
........................................................................ [ 62%]
........................................................................ [ 62%]
........................................................................ [ 63%]
........................................................................ [ 63%]
........................................................................ [ 63%]
........................................................................ [ 64%]
........................................................................ [ 64%]
........................................................................ [ 65%]
........................................................................ [ 65%]
........................................................................ [ 65%]
........................................................................ [ 66%]
........................................................................ [ 66%]
........................................................................ [ 66%]
........................................................................ [ 67%]
........................................................................ [ 67%]
........................................................................ [ 68%]
........................................................................ [ 68%]
........................................................................ [ 68%]
........................................................................ [ 69%]
........................................................................ [ 69%]
........................................................................ [ 70%]
........................................................................ [ 70%]
........................................................................ [ 70%]
........................................................................ [ 71%]
........................................................................ [ 71%]
........................................................................ [ 71%]
........................................................................ [ 72%]
........................................................................ [ 72%]
........................................................................ [ 73%]
........................................................................ [ 73%]
........................................................................ [ 73%]
........................................................................ [ 74%]
........................................................................ [ 74%]
........................................................................ [ 74%]
........................................................................ [ 75%]
........................................................................ [ 75%]
........................................................................ [ 76%]
........................................................................ [ 76%]
........................................................................ [ 76%]
........................................................................ [ 77%]
........................................................................ [ 77%]
........................................................................ [ 78%]
........................................................................ [ 78%]
........................................................................ [ 78%]
........................................................................ [ 79%]
........................................................................ [ 79%]
..............................................................           [ 79%]
tests/skimage2/filters/test_window.py .................                  [ 79%]
tests/skimage2/graph/test_anisotropy.py .                                [ 79%]
tests/skimage2/graph/test_connect.py .                                   [ 79%]
tests/skimage2/graph/test_flexible.py .                                  [ 79%]
tests/skimage2/graph/test_heap.py .                                      [ 79%]
tests/skimage2/graph/test_mcp.py .................                       [ 80%]
tests/skimage2/graph/test_pixel_graph.py ..........                      [ 80%]
tests/skimage2/graph/test_rag.py ............                            [ 80%]
tests/skimage2/graph/test_spath.py ...                                   [ 80%]
tests/skimage2/io/test_collection.py .............                       [ 80%]
tests/skimage2/io/test_imageio.py ...........                            [ 80%]
tests/skimage2/io/test_io.py .................                           [ 80%]
tests/skimage2/io/test_multi_image.py .......                            [ 80%]
tests/skimage2/io/test_pil.py .........................                  [ 80%]
tests/skimage2/io/test_plugin.py .sss.......                             [ 80%]
tests/skimage2/io/test_sift_reader.py ..                                 [ 80%]
tests/skimage2/io/test_tifffile.py ..................................... [ 80%]
............................                                             [ 80%]
tests/skimage2/measure/test_block.py ..........                          [ 81%]
tests/skimage2/measure/test_blur_effect.py .........                     [ 81%]
tests/skimage2/measure/test_ccomp.py ....................                [ 81%]
tests/skimage2/measure/test_colocalization.py .....                      [ 81%]
tests/skimage2/measure/test_entropy.py ..                                [ 81%]
tests/skimage2/measure/test_find_contours.py .................           [ 81%]
tests/skimage2/measure/test_fit.py ..................................... [ 81%]
........................................................................ [ 81%]
........................................................................ [ 82%]
.....................................................                    [ 82%]
tests/skimage2/measure/test_label.py ......                              [ 82%]
tests/skimage2/measure/test_marching_cubes.py ........                   [ 82%]
tests/skimage2/measure/test_moments.py ................................. [ 82%]
...........................................                              [ 83%]
tests/skimage2/measure/test_pnpoly.py .....                              [ 83%]
tests/skimage2/measure/test_polygon.py ..                                [ 83%]
tests/skimage2/measure/test_profile.py .........................         [ 83%]
tests/skimage2/measure/test_regionprops.py ............................. [ 83%]
........................................................................ [ 83%]
........................................................................ [ 84%]
........................................................................ [ 84%]
.....                                                                    [ 84%]
tests/skimage2/metrics/test_segmentation_metrics.py ......               [ 84%]
tests/skimage2/metrics/test_set_metrics.py ............................. [ 84%]
................                                                         [ 84%]
tests/skimage2/metrics/test_simple_metrics.py ................           [ 84%]
tests/skimage2/metrics/test_structural_similarity.py ................... [ 84%]
......................................                                   [ 85%]
tests/skimage2/morphology/test_binary.py ............................... [ 85%]
........................................................................ [ 85%]
........................................................................ [ 86%]
........................................................................ [ 86%]
........................................................                 [ 86%]
tests/skimage2/morphology/test_convex_hull.py ..........                 [ 86%]
tests/skimage2/morphology/test_extrema.py .......................        [ 86%]
tests/skimage2/morphology/test_flood_fill.py ...................         [ 87%]
tests/skimage2/morphology/test_footprints.py ........................... [ 87%]
........................................................................ [ 87%]
........................................................................ [ 87%]
........................................................................ [ 88%]
..                                                                       [ 88%]
tests/skimage2/morphology/test_grayscale_operators.py .................. [ 88%]
........................................................................ [ 88%]
........................................................................ [ 89%]
........................................................................ [ 89%]
........................................................................ [ 89%]
........................................................................ [ 90%]
...............................................................          [ 90%]
tests/skimage2/morphology/test_isotropic.py ........                     [ 90%]
tests/skimage2/morphology/test_max_tree.py ........                      [ 90%]
tests/skimage2/morphology/test_misc.py ................................. [ 90%]
........................................................................ [ 91%]
.........                                                                [ 91%]
tests/skimage2/morphology/test_morph_util.py ....................        [ 91%]
tests/skimage2/morphology/test_reconstruction.py ....................... [ 91%]
........                                                                 [ 91%]
tests/skimage2/morphology/test_skeletonize.py .......................... [ 91%]
...........................                                              [ 91%]
tests/skimage2/registration/test_ilk.py .....................            [ 91%]
tests/skimage2/registration/test_masked_phase_cross_correlation.py ..... [ 92%]
........                                                                 [ 92%]
tests/skimage2/registration/test_phase_cross_correlation.py ............ [ 92%]
..........................                                               [ 92%]
tests/skimage2/registration/test_tvl1.py .........                       [ 92%]
tests/skimage2/restoration/test_denoise.py ............................. [ 92%]
...................................................xxxxxxxxxxxxxxxxxxxxx [ 92%]
xxxxxxxxxxxxxxxxxxxxxxxxxxxxxxxxxxxxxxxxxxxxxxxxxxxxxxxxxxxxxxxxxxxx     [ 93%]
tests/skimage2/restoration/test_inpaint.py ............................. [ 93%]
.........                                                                [ 93%]
tests/skimage2/restoration/test_j_invariant.py xxxxxxxx                  [ 93%]
tests/skimage2/restoration/test_restoration.py .......................   [ 93%]
tests/skimage2/restoration/test_rolling_ball.py .......................  [ 93%]
tests/skimage2/restoration/test_unwrap.py .................              [ 93%]
tests/skimage2/segmentation/test_active_contour_model.py ...........     [ 93%]
tests/skimage2/segmentation/test_boundaries.py ..............            [ 93%]
tests/skimage2/segmentation/test_chan_vese.py .............              [ 93%]
tests/skimage2/segmentation/test_clear_border.py ........                [ 94%]
tests/skimage2/segmentation/test_expand_labels.py ....................   [ 94%]
tests/skimage2/segmentation/test_felzenszwalb.py ......                  [ 94%]
tests/skimage2/segmentation/test_join.py ............................... [ 94%]
................                                                         [ 94%]
tests/skimage2/segmentation/test_morphsnakes.py .......                  [ 94%]
tests/skimage2/segmentation/test_quickshift.py ...............           [ 94%]
tests/skimage2/segmentation/test_random_walker.py ...................... [ 94%]
................                                                         [ 94%]
tests/skimage2/segmentation/test_slic.py ............................... [ 94%]
.                                                                        [ 94%]
tests/skimage2/segmentation/test_watershed.py .......................... [ 95%]
......                                                                   [ 95%]
tests/skimage2/test_skimage2.py ...                                      [ 95%]
tests/skimage2/transform/test_finite_radon_transform.py .                [ 95%]
tests/skimage2/transform/test_geometric.py ............................. [ 95%]
........................................................................ [ 95%]
.......                                                                  [ 95%]
tests/skimage2/transform/test_hough_transform.py ....................... [ 95%]
........                                                                 [ 95%]
tests/skimage2/transform/test_integral.py .............                  [ 95%]
tests/skimage2/transform/test_pyramids.py .............................. [ 96%]
..................                                                       [ 96%]
tests/skimage2/transform/test_radon_transform.py ....................... [ 96%]
........................................................................ [ 96%]
..............................                                           [ 96%]
tests/skimage2/transform/test_thin_plate_splines.py ......               [ 96%]
tests/skimage2/transform/test_warps.py ................................. [ 96%]
........................................................................ [ 97%]
............................................                             [ 97%]
tests/skimage2/util/test_arraycrop.py ........                           [ 97%]
tests/skimage2/util/test_compare.py ......                               [ 97%]
tests/skimage2/util/test_dtype.py ...................................... [ 97%]
.............................                                            [ 98%]
tests/skimage2/util/test_invert.py ......                                [ 98%]
tests/skimage2/util/test_labels.py .....                                 [ 98%]
tests/skimage2/util/test_map_array.py .................................. [ 98%]
........................................................................ [ 98%]
........................................................................ [ 99%]
...................................................                      [ 99%]
tests/skimage2/util/test_montage.py ..................                   [ 99%]
tests/skimage2/util/test_random_noise.py ...............                 [ 99%]
tests/skimage2/util/test_regular_grid.py ....                            [ 99%]
tests/skimage2/util/test_shape.py ..................                     [ 99%]
tests/skimage2/util/test_slice_along_axes.py .........                   [ 99%]
tests/skimage2/util/test_unique_rows.py .....                            [ 99%]
tests/skimage2/util/test_value_rescaling.py ............................ [ 99%]
....................................                                     [100%]

=================================== FAILURES ===================================
_________________________ test_download_all_with_pooch _________________________

self = <HTTPSConnection(host='github.com', port=443) at 0x7fcf8e70f590>

    def _new_conn(self) -> socket.socket:
        """Establish a socket connection and set nodelay settings on it.
    
        :return: New socket connection.
        """
        try:
>           sock = connection.create_connection(
                (self._dns_host, self.port),
                self.timeout,
                source_address=self.source_address,
                socket_options=self.socket_options,
            )

self       = <HTTPSConnection(host='github.com', port=443) at 0x7fcf8e70f590>

../../venv-cpu-py312/lib/python3.12/site-packages/urllib3/connection.py:204: 
_ _ _ _ _ _ _ _ _ _ _ _ _ _ _ _ _ _ _ _ _ _ _ _ _ _ _ _ _ _ _ _ _ _ _ _ _ _ _ _ 
../../venv-cpu-py312/lib/python3.12/site-packages/urllib3/util/connection.py:85: in create_connection
    raise err
        address    = ('github.com', 443)
        af         = <AddressFamily.AF_INET: 2>
        canonname  = ''
        err        = None
        family     = <AddressFamily.AF_UNSPEC: 0>
        host       = 'github.com'
        port       = 443
        proto      = 6
        res        = (<AddressFamily.AF_INET: 2>, <SocketKind.SOCK_STREAM: 1>, 6, '', ('20.205.243.166', 443))
        sa         = ('20.205.243.166', 443)
        sock       = <socket.socket [closed] fd=-1, family=2, type=1, proto=6>
        socket_options = [(6, 1, 1)]
        socktype   = <SocketKind.SOCK_STREAM: 1>
        source_address = None
        timeout    = 30
_ _ _ _ _ _ _ _ _ _ _ _ _ _ _ _ _ _ _ _ _ _ _ _ _ _ _ _ _ _ _ _ _ _ _ _ _ _ _ _ 

address = ('github.com', 443), timeout = 30, source_address = None
socket_options = [(6, 1, 1)]

    def create_connection(
        address: tuple[str, int],
        timeout: _TYPE_TIMEOUT = _DEFAULT_TIMEOUT,
        source_address: tuple[str, int] | None = None,
        socket_options: _TYPE_SOCKET_OPTIONS | None = None,
    ) -> socket.socket:
        """Connect to *address* and return the socket object.
    
        Convenience function.  Connect to *address* (a 2-tuple ``(host,
        port)``) and return the socket object.  Passing the optional
        *timeout* parameter will set the timeout on the socket instance
        before attempting to connect.  If no *timeout* is supplied, the
        global default timeout setting returned by :func:`socket.getdefaulttimeout`
        is used.  If *source_address* is set it must be a tuple of (host, port)
        for the socket to bind as a source address before making the connection.
        An host of '' or port 0 tells the OS to use the default.
        """
    
        host, port = address
        if host.startswith("["):
            host = host.strip("[]")
        err = None
    
        # Using the value from allowed_gai_family() in the context of getaddrinfo lets
        # us select whether to work with IPv4 DNS records, IPv6 records, or both.
        # The original create_connection function always returns all records.
        family = allowed_gai_family()
    
        try:
            host.encode("idna")
        except UnicodeError:
            raise LocationParseError(f"'{host}', label empty or too long") from None
    
        for res in socket.getaddrinfo(host, port, family, socket.SOCK_STREAM):
            af, socktype, proto, canonname, sa = res
            sock = None
            try:
                sock = socket.socket(af, socktype, proto)
    
                # If provided, set socket level options before connecting.
                _set_socket_options(sock, socket_options)
    
                if timeout is not _DEFAULT_TIMEOUT:
                    sock.settimeout(timeout)
                if source_address:
                    sock.bind(source_address)
>               sock.connect(sa)
E               TimeoutError: timed out

address    = ('github.com', 443)
af         = <AddressFamily.AF_INET: 2>
canonname  = ''
err        = None
family     = <AddressFamily.AF_UNSPEC: 0>
host       = 'github.com'
port       = 443
proto      = 6
res        = (<AddressFamily.AF_INET: 2>, <SocketKind.SOCK_STREAM: 1>, 6, '', ('20.205.243.166', 443))
sa         = ('20.205.243.166', 443)
sock       = <socket.socket [closed] fd=-1, family=2, type=1, proto=6>
socket_options = [(6, 1, 1)]
socktype   = <SocketKind.SOCK_STREAM: 1>
source_address = None
timeout    = 30

../../venv-cpu-py312/lib/python3.12/site-packages/urllib3/util/connection.py:73: TimeoutError

The above exception was the direct cause of the following exception:

self = <urllib3.connectionpool.HTTPSConnectionPool object at 0x7fcf8e70f350>
method = 'GET'
url = '/scikit-image/scikit-image/raw/main/tests/skimage2/restoration/camera_rl.npy'
body = None
headers = {'User-Agent': 'python-requests/2.34.2', 'Accept-Encoding': 'gzip, deflate', 'Accept': '*/*', 'Connection': 'keep-alive'}
retries = Retry(total=0, connect=None, read=False, redirect=None, status=None)
redirect = False, assert_same_host = False
timeout = Timeout(connect=30, read=30, total=None), pool_timeout = None
release_conn = False, chunked = False, body_pos = None, preload_content = False
decode_content = False, response_kw = {}

    def urlopen(  # type: ignore[override]
        self,
        method: str,
        url: str,
        body: _TYPE_BODY | None = None,
        headers: typing.Mapping[str, str] | None = None,
        retries: Retry | bool | int | None = None,
        redirect: bool = True,
        assert_same_host: bool = True,
        timeout: _TYPE_TIMEOUT = _DEFAULT_TIMEOUT,
        pool_timeout: int | None = None,
        release_conn: bool | None = None,
        chunked: bool = False,
        body_pos: _TYPE_BODY_POSITION | None = None,
        preload_content: bool = True,
        decode_content: bool = True,
        **response_kw: typing.Any,
    ) -> BaseHTTPResponse:
        """
        Get a connection from the pool and perform an HTTP request. This is the
        lowest level call for making a request, so you'll need to specify all
        the raw details.
    
        .. note::
    
           More commonly, it's appropriate to use a convenience method
           such as :meth:`request`.
    
        .. note::
    
           `release_conn` will only behave as expected if
           `preload_content=False` because we want to make
           `preload_content=False` the default behaviour someday soon without
           breaking backwards compatibility.
    
        :param method:
            HTTP request method (such as GET, POST, PUT, etc.)
    
        :param url:
            The URL to perform the request on.
    
        :param body:
            Data to send in the request body, either :class:`str`, :class:`bytes`,
            an iterable of :class:`str`/:class:`bytes`, or a file-like object.
    
        :param headers:
            Dictionary of custom headers to send, such as User-Agent,
            If-None-Match, etc. If None, pool headers are used. If provided,
            these headers completely replace any pool-specific headers.
    
        :param retries:
            Configure the number of retries to allow before raising a
            :class:`~urllib3.exceptions.MaxRetryError` exception.
    
            If ``None`` (default) will retry 3 times, see ``Retry.DEFAULT``. Pass a
            :class:`~urllib3.util.retry.Retry` object for fine-grained control
            over different types of retries.
            Pass an integer number to retry connection errors that many times,
            but no other types of errors. Pass zero to never retry.
    
            If ``False``, then retries are disabled and any exception is raised
            immediately. Also, instead of raising a MaxRetryError on redirects,
            the redirect response will be returned.
    
        :type retries: :class:`~urllib3.util.retry.Retry`, False, or an int.
    
        :param redirect:
            If True, automatically handle redirects (status codes 301, 302,
            303, 307, 308). Each redirect counts as a retry. Disabling retries
            will disable redirect, too.
    
        :param assert_same_host:
            If ``True``, will make sure that the host of the pool requests is
            consistent else will raise HostChangedError. When ``False``, you can
            use the pool on an HTTP proxy and request foreign hosts.
    
        :param timeout:
            If specified, overrides the default timeout for this one
            request. It may be a float (in seconds) or an instance of
            :class:`urllib3.util.Timeout`.
    
        :param pool_timeout:
            If set and the pool is set to block=True, then this method will
            block for ``pool_timeout`` seconds and raise EmptyPoolError if no
            connection is available within the time period.
    
        :param bool preload_content:
            If True, the response's body will be preloaded into memory.
    
        :param bool decode_content:
            If True, will attempt to decode the body based on the
            'content-encoding' header.
    
        :param release_conn:
            If False, then the urlopen call will not release the connection
            back into the pool once a response is received (but will release if
            you read the entire contents of the response such as when
            `preload_content=True`). This is useful if you're not preloading
            the response's content immediately. You will need to call
            ``r.release_conn()`` on the response ``r`` to return the connection
            back into the pool. If None, it takes the value of ``preload_content``
            which defaults to ``True``.
    
        :param bool chunked:
            If True, urllib3 will send the body using chunked transfer
            encoding. Otherwise, urllib3 will send the body using the standard
            content-length form. Defaults to False.
    
        :param int body_pos:
            Position to seek to in file-like body in the event of a retry or
            redirect. Typically this won't need to be set because urllib3 will
            auto-populate the value when needed.
        """
        # Ensure that the URL we're connecting to is properly encoded
        if url.startswith("/"):
            # URLs starting with / are inherently schemeless.
            url = to_str(_encode_target(url))
            destination_scheme = None
        else:
            parsed_url = parse_url(url)
            destination_scheme = parsed_url.scheme
            url = to_str(parsed_url.url)
    
        if headers is None:
            headers = self.headers
    
        if not isinstance(retries, Retry):
            retries = Retry.from_int(retries, redirect=redirect, default=self.retries)
    
        if release_conn is None:
            release_conn = preload_content
    
        # Check host
        if assert_same_host and not self.is_same_host(url):
            raise HostChangedError(self, url, retries)
    
        conn = None
    
        # Track whether `conn` needs to be released before
        # returning/raising/recursing. Update this variable if necessary, and
        # leave `release_conn` constant throughout the function. That way, if
        # the function recurses, the original value of `release_conn` will be
        # passed down into the recursive call, and its value will be respected.
        #
        # See issue #651 [1] for details.
        #
        # [1] <https://github.com/urllib3/urllib3/issues/651>
        release_this_conn = release_conn
    
        http_tunnel_required = connection_requires_http_tunnel(
            self.proxy, self.proxy_config, destination_scheme
        )
    
        # Merge the proxy headers. Only done when not using HTTP CONNECT. We
        # have to copy the headers dict so we can safely change it without those
        # changes being reflected in anyone else's copy.
        if not http_tunnel_required:
            headers = headers.copy()  # type: ignore[attr-defined]
            headers.update(self.proxy_headers)  # type: ignore[union-attr]
    
        # Must keep the exception bound to a separate variable or else Python 3
        # complains about UnboundLocalError.
        err = None
    
        # Keep track of whether we cleanly exited the except block. This
        # ensures we do proper cleanup in finally.
        clean_exit = False
    
        # Rewind body position, if needed. Record current position
        # for future rewinds in the event of a redirect/retry.
        body_pos = set_file_position(body, body_pos)
    
        try:
            # Request a connection from the queue.
            timeout_obj = self._get_timeout(timeout)
            conn = self._get_conn(timeout=pool_timeout)
    
            conn.timeout = timeout_obj.connect_timeout  # type: ignore[assignment]
    
            # Is this a closed/new connection that requires CONNECT tunnelling?
            if self.proxy is not None and http_tunnel_required and conn.is_closed:
                try:
                    self._prepare_proxy(conn)
                except (BaseSSLError, OSError, SocketTimeout) as e:
                    self._raise_timeout(
                        err=e, url=self.proxy.url, timeout_value=conn.timeout
                    )
                    raise
    
            # If we're going to release the connection in ``finally:``, then
            # the response doesn't need to know about the connection. Otherwise
            # it will also try to release it and we'll have a double-release
            # mess.
            response_conn = conn if not release_conn else None
    
            # Make the request on the HTTPConnection object
>           response = self._make_request(
                conn,
                method,
                url,
                timeout=timeout_obj,
                body=body,
                headers=headers,
                chunked=chunked,
                retries=retries,
                response_conn=response_conn,
                preload_content=preload_content,
                decode_content=decode_content,
                **response_kw,
            )

assert_same_host = False
body       = None
body_pos   = None
chunked    = False
clean_exit = False
conn       = None
decode_content = False
destination_scheme = None
err        = None
headers    = {'User-Agent': 'python-requests/2.34.2', 'Accept-Encoding': 'gzip, deflate', 'Accept': '*/*', 'Connection': 'keep-alive'}
http_tunnel_required = False
method     = 'GET'
new_e      = ConnectTimeoutError(<HTTPSConnection(host='github.com', port=443) at 0x7fcf8e70f590>, 'Connection to github.com timed out. (connect timeout=30)')
pool_timeout = None
preload_content = False
redirect   = False
release_conn = False
release_this_conn = True
response_conn = <HTTPSConnection(host='github.com', port=443) at 0x7fcf8e70f590>
response_kw = {}
retries    = Retry(total=0, connect=None, read=False, redirect=None, status=None)
self       = <urllib3.connectionpool.HTTPSConnectionPool object at 0x7fcf8e70f350>
timeout    = Timeout(connect=30, read=30, total=None)
timeout_obj = Timeout(connect=30, read=30, total=None)
url        = '/scikit-image/scikit-image/raw/main/tests/skimage2/restoration/camera_rl.npy'

../../venv-cpu-py312/lib/python3.12/site-packages/urllib3/connectionpool.py:788: 
_ _ _ _ _ _ _ _ _ _ _ _ _ _ _ _ _ _ _ _ _ _ _ _ _ _ _ _ _ _ _ _ _ _ _ _ _ _ _ _ 
../../venv-cpu-py312/lib/python3.12/site-packages/urllib3/connectionpool.py:488: in _make_request
    raise new_e
        body       = None
        chunked    = False
        conn       = <HTTPSConnection(host='github.com', port=443) at 0x7fcf8e70f590>
        decode_content = False
        enforce_content_length = True
        headers    = {'User-Agent': 'python-requests/2.34.2', 'Accept-Encoding': 'gzip, deflate', 'Accept': '*/*', 'Connection': 'keep-alive'}
        method     = 'GET'
        new_e      = ConnectTimeoutError(<HTTPSConnection(host='github.com', port=443) at 0x7fcf8e70f590>, 'Connection to github.com timed out. (connect timeout=30)')
        preload_content = False
        response_conn = <HTTPSConnection(host='github.com', port=443) at 0x7fcf8e70f590>
        retries    = Retry(total=0, connect=None, read=False, redirect=None, status=None)
        self       = <urllib3.connectionpool.HTTPSConnectionPool object at 0x7fcf8e70f350>
        timeout    = Timeout(connect=30, read=30, total=None)
        timeout_obj = Timeout(connect=30, read=30, total=None)
        url        = '/scikit-image/scikit-image/raw/main/tests/skimage2/restoration/camera_rl.npy'
../../venv-cpu-py312/lib/python3.12/site-packages/urllib3/connectionpool.py:464: in _make_request
    self._validate_conn(conn)
        body       = None
        chunked    = False
        conn       = <HTTPSConnection(host='github.com', port=443) at 0x7fcf8e70f590>
        decode_content = False
        enforce_content_length = True
        headers    = {'User-Agent': 'python-requests/2.34.2', 'Accept-Encoding': 'gzip, deflate', 'Accept': '*/*', 'Connection': 'keep-alive'}
        method     = 'GET'
        new_e      = ConnectTimeoutError(<HTTPSConnection(host='github.com', port=443) at 0x7fcf8e70f590>, 'Connection to github.com timed out. (connect timeout=30)')
        preload_content = False
        response_conn = <HTTPSConnection(host='github.com', port=443) at 0x7fcf8e70f590>
        retries    = Retry(total=0, connect=None, read=False, redirect=None, status=None)
        self       = <urllib3.connectionpool.HTTPSConnectionPool object at 0x7fcf8e70f350>
        timeout    = Timeout(connect=30, read=30, total=None)
        timeout_obj = Timeout(connect=30, read=30, total=None)
        url        = '/scikit-image/scikit-image/raw/main/tests/skimage2/restoration/camera_rl.npy'
../../venv-cpu-py312/lib/python3.12/site-packages/urllib3/connectionpool.py:1106: in _validate_conn
    conn.connect()
        __class__  = <class 'urllib3.connectionpool.HTTPSConnectionPool'>
        conn       = <HTTPSConnection(host='github.com', port=443) at 0x7fcf8e70f590>
        self       = <urllib3.connectionpool.HTTPSConnectionPool object at 0x7fcf8e70f350>
../../venv-cpu-py312/lib/python3.12/site-packages/urllib3/connection.py:759: in connect
    self.sock = sock = self._new_conn()
                       ^^^^^^^^^^^^^^^^
        probe_http2_host = 'github.com'
        probe_http2_port = 443
        self       = <HTTPSConnection(host='github.com', port=443) at 0x7fcf8e70f590>
        target_supports_http2 = False
_ _ _ _ _ _ _ _ _ _ _ _ _ _ _ _ _ _ _ _ _ _ _ _ _ _ _ _ _ _ _ _ _ _ _ _ _ _ _ _ 

self = <HTTPSConnection(host='github.com', port=443) at 0x7fcf8e70f590>

    def _new_conn(self) -> socket.socket:
        """Establish a socket connection and set nodelay settings on it.
    
        :return: New socket connection.
        """
        try:
            sock = connection.create_connection(
                (self._dns_host, self.port),
                self.timeout,
                source_address=self.source_address,
                socket_options=self.socket_options,
            )
        except socket.gaierror as e:
            raise NameResolutionError(self.host, self, e) from e
        except SocketTimeout as e:
>           raise ConnectTimeoutError(
                self,
                f"Connection to {self.host} timed out. (connect timeout={self.timeout})",
            ) from e
E           urllib3.exceptions.ConnectTimeoutError: (<HTTPSConnection(host='github.com', port=443) at 0x7fcf8e70f590>, 'Connection to github.com timed out. (connect timeout=30)')

self       = <HTTPSConnection(host='github.com', port=443) at 0x7fcf8e70f590>

../../venv-cpu-py312/lib/python3.12/site-packages/urllib3/connection.py:213: ConnectTimeoutError

The above exception was the direct cause of the following exception:

self = <requests.adapters.HTTPAdapter object at 0x7fcf8e6c3f20>
request = <PreparedRequest [GET]>, stream = True, timeout = 30, verify = True
cert = None, proxies = OrderedDict()

    def send(
        self,
        request: PreparedRequest,
        stream: bool = False,
        timeout: _t.TimeoutType = None,
        verify: _t.VerifyType = True,
        cert: _t.CertType = None,
        proxies: dict[str, str] | None = None,
    ) -> Response:
        """Sends PreparedRequest object. Returns Response object.
    
        :param request: The :class:`PreparedRequest <PreparedRequest>` being sent.
        :param stream: (optional) Whether to stream the request content.
        :param timeout: (optional) How long to wait for the server to send
            data before giving up, as a float, or a :ref:`(connect timeout,
            read timeout) <timeouts>` tuple.
        :type timeout: float or tuple or urllib3 Timeout object
        :param verify: (optional) Either a boolean, in which case it controls whether
            we verify the server's TLS certificate, or a string, in which case it
            must be a path to a CA bundle to use
        :param cert: (optional) Any user-provided SSL certificate to be trusted.
        :param proxies: (optional) The proxies dictionary to apply to the request.
        :rtype: requests.Response
        """
    
        assert _is_prepared(request)
    
        try:
            conn = self.get_connection_with_tls_context(
                request, verify, proxies=proxies, cert=cert
            )
        except LocationValueError as e:
            raise InvalidURL(e, request=request)
    
        self.cert_verify(conn, request.url, verify, cert)
        url = self.request_url(request, proxies)
        self.add_headers(
            request,
            stream=stream,
            timeout=timeout,
            verify=verify,
            cert=cert,
            proxies=proxies,
        )
    
        chunked = not (request.body is None or "Content-Length" in request.headers)
    
        if isinstance(timeout, tuple):
            try:
                connect, read = timeout
                resolved_timeout = TimeoutSauce(connect=connect, read=read)
            except ValueError:
                raise ValueError(
                    f"Invalid timeout {timeout}. Pass a (connect, read) timeout tuple, "
                    f"or a single float to set both timeouts to the same value."
                )
        elif isinstance(timeout, TimeoutSauce):
            resolved_timeout = timeout
        else:
            resolved_timeout = TimeoutSauce(connect=timeout, read=timeout)
    
        try:
>           resp = conn.urlopen(
                method=request.method,
                url=url,
                body=request.body,  # type: ignore[arg-type]  # urllib3 stubs don't accept Iterable[bytes | str]
                headers=request.headers,  # type: ignore[arg-type]  # urllib3#3072
                redirect=False,
                assert_same_host=False,
                preload_content=False,
                decode_content=False,
                retries=self.max_retries,
                timeout=resolved_timeout,
                chunked=chunked,
            )

cert       = None
chunked    = False
conn       = <urllib3.connectionpool.HTTPSConnectionPool object at 0x7fcf8e70f350>
proxies    = OrderedDict()
request    = <PreparedRequest [GET]>
resolved_timeout = Timeout(connect=30, read=30, total=None)
self       = <requests.adapters.HTTPAdapter object at 0x7fcf8e6c3f20>
stream     = True
timeout    = 30
url        = '/scikit-image/scikit-image/raw/main/tests/skimage2/restoration/camera_rl.npy'
verify     = True

../../venv-cpu-py312/lib/python3.12/site-packages/requests/adapters.py:696: 
_ _ _ _ _ _ _ _ _ _ _ _ _ _ _ _ _ _ _ _ _ _ _ _ _ _ _ _ _ _ _ _ _ _ _ _ _ _ _ _ 
../../venv-cpu-py312/lib/python3.12/site-packages/urllib3/connectionpool.py:842: in urlopen
    retries = retries.increment(
        assert_same_host = False
        body       = None
        body_pos   = None
        chunked    = False
        clean_exit = False
        conn       = None
        decode_content = False
        destination_scheme = None
        err        = None
        headers    = {'User-Agent': 'python-requests/2.34.2', 'Accept-Encoding': 'gzip, deflate', 'Accept': '*/*', 'Connection': 'keep-alive'}
        http_tunnel_required = False
        method     = 'GET'
        new_e      = ConnectTimeoutError(<HTTPSConnection(host='github.com', port=443) at 0x7fcf8e70f590>, 'Connection to github.com timed out. (connect timeout=30)')
        pool_timeout = None
        preload_content = False
        redirect   = False
        release_conn = False
        release_this_conn = True
        response_conn = <HTTPSConnection(host='github.com', port=443) at 0x7fcf8e70f590>
        response_kw = {}
        retries    = Retry(total=0, connect=None, read=False, redirect=None, status=None)
        self       = <urllib3.connectionpool.HTTPSConnectionPool object at 0x7fcf8e70f350>
        timeout    = Timeout(connect=30, read=30, total=None)
        timeout_obj = Timeout(connect=30, read=30, total=None)
        url        = '/scikit-image/scikit-image/raw/main/tests/skimage2/restoration/camera_rl.npy'
_ _ _ _ _ _ _ _ _ _ _ _ _ _ _ _ _ _ _ _ _ _ _ _ _ _ _ _ _ _ _ _ _ _ _ _ _ _ _ _ 

self = Retry(total=0, connect=None, read=False, redirect=None, status=None)
method = 'GET'
url = '/scikit-image/scikit-image/raw/main/tests/skimage2/restoration/camera_rl.npy'
response = None
error = ConnectTimeoutError(<HTTPSConnection(host='github.com', port=443) at 0x7fcf8e70f590>, 'Connection to github.com timed out. (connect timeout=30)')
_pool = <urllib3.connectionpool.HTTPSConnectionPool object at 0x7fcf8e70f350>
_stacktrace = <traceback object at 0x7fcf8e750700>

    def increment(
        self,
        method: str | None = None,
        url: str | None = None,
        response: BaseHTTPResponse | None = None,
        error: Exception | None = None,
        _pool: ConnectionPool | None = None,
        _stacktrace: TracebackType | None = None,
    ) -> Self:
        """Return a new Retry object with incremented retry counters.
    
        :param response: A response object, or None, if the server did not
            return a response.
        :type response: :class:`~urllib3.response.BaseHTTPResponse`
        :param Exception error: An error encountered during the request, or
            None if the response was received successfully.
    
        :return: A new ``Retry`` object.
        """
        if self.total is False and error:
            # Disabled, indicate to re-raise the error.
            raise reraise(type(error), error, _stacktrace)
    
        total = self.total
        if total is not None:
            total -= 1
    
        connect = self.connect
        read = self.read
        redirect = self.redirect
        status_count = self.status
        other = self.other
        cause = "unknown"
        status = None
        redirect_location = None
    
        if error and self._is_connection_error(error):
            # Connect retry?
            if connect is False:
                raise reraise(type(error), error, _stacktrace)
            elif connect is not None:
                connect -= 1
    
        elif error and self._is_read_error(error):
            # Read retry?
            if read is False or method is None or not self._is_method_retryable(method):
                raise reraise(type(error), error, _stacktrace)
            elif read is not None:
                read -= 1
    
        elif error:
            # Other retry?
            if other is not None:
                other -= 1
    
        elif response and response.get_redirect_location():
            # Redirect retry?
            if redirect is not None:
                redirect -= 1
            cause = "too many redirects"
            response_redirect_location = response.get_redirect_location()
            if response_redirect_location:
                redirect_location = response_redirect_location
            status = response.status
    
        else:
            # Incrementing because of a server error like a 500 in
            # status_forcelist and the given method is in the allowed_methods
            cause = ResponseError.GENERIC_ERROR
            if response and response.status:
                if status_count is not None:
                    status_count -= 1
                cause = ResponseError.SPECIFIC_ERROR.format(status_code=response.status)
                status = response.status
    
        history = self.history + (
            RequestHistory(method, url, error, status, redirect_location),
        )
    
        new_retry = self.new(
            total=total,
            connect=connect,
            read=read,
            redirect=redirect,
            status=status_count,
            other=other,
            history=history,
        )
    
        if new_retry.is_exhausted():
            reason = error or ResponseError(cause)
>           raise MaxRetryError(_pool, url, reason) from reason  # type: ignore[arg-type]
            ^^^^^^^^^^^^^^^^^^^^^^^^^^^^^^^^^^^^^^^^^^^^^^^^^^^
E           urllib3.exceptions.MaxRetryError: HTTPSConnectionPool(host='github.com', port=443): Max retries exceeded with url: /scikit-image/scikit-image/raw/main/tests/skimage2/restoration/camera_rl.npy (Caused by ConnectTimeoutError(<HTTPSConnection(host='github.com', port=443) at 0x7fcf8e70f590>, 'Connection to github.com timed out. (connect timeout=30)'))

_pool      = <urllib3.connectionpool.HTTPSConnectionPool object at 0x7fcf8e70f350>
_stacktrace = <traceback object at 0x7fcf8e750700>
cause      = 'unknown'
connect    = None
error      = ConnectTimeoutError(<HTTPSConnection(host='github.com', port=443) at 0x7fcf8e70f590>, 'Connection to github.com timed out. (connect timeout=30)')
history    = (RequestHistory(method='GET', url='/scikit-image/scikit-image/raw/main/tests/skimage2/restoration/camera_rl.npy', erro...at 0x7fcf8e70f590>, 'Connection to github.com timed out. (connect timeout=30)'), status=None, redirect_location=None),)
method     = 'GET'
new_retry  = Retry(total=-1, connect=None, read=False, redirect=None, status=None)
other      = None
read       = False
reason     = ConnectTimeoutError(<HTTPSConnection(host='github.com', port=443) at 0x7fcf8e70f590>, 'Connection to github.com timed out. (connect timeout=30)')
redirect   = None
redirect_location = None
response   = None
self       = Retry(total=0, connect=None, read=False, redirect=None, status=None)
status     = None
status_count = None
total      = -1
url        = '/scikit-image/scikit-image/raw/main/tests/skimage2/restoration/camera_rl.npy'

../../venv-cpu-py312/lib/python3.12/site-packages/urllib3/util/retry.py:543: MaxRetryError

During handling of the above exception, another exception occurred:

    @pytest.mark.thread_unsafe(reason="worker threads would share a download directory")
    def test_download_all_with_pooch():
        # jni first wrote this test with the intention of
        # fully deleting the files in the data_dir,
        # then ensure that the data gets downloaded accordingly.
        # hmaarrfk raised the concern that this test wouldn't
        # play well with parallel testing since we
        # may be breaking the global state that certain other
        # tests require, especially in parallel testing
    
        # The second concern is that this test essentially uses
        # a lot of bandwidth, which is not fun for developers on
        # lower speed connections.
        # https://github.com/scikit-image/scikit-image/pull/4666/files/26d5138b25b958da6e97ebf979e9bc36f32c3568#r422604863
        data_dir = data.data_dir
        if _image_fetcher is not None:
>           data.download_all()

data_dir   = '/data/xumengying/tool-verify/scikit-image-verify/skimage-cache/main/data'

tests/skimage/data/test_data.py:31: 
_ _ _ _ _ _ _ _ _ _ _ _ _ _ _ _ _ _ _ _ _ _ _ _ _ _ _ _ _ _ _ _ _ _ _ _ _ _ _ _ 
src/_skimage2/data/_fetchers.py:317: in download_all
    file_path = _fetch(data_filename)
                ^^^^^^^^^^^^^^^^^^^^^
        data_filename = 'restoration/camera_rl.npy'
        directory  = None
        file_path  = '/data/xumengying/tool-verify/scikit-image-verify/skimage-cache/main/restoration/astronaut_rl.npy'
        old_dir    = PosixPath('/data/xumengying/tool-verify/scikit-image-verify/skimage-cache/main')
src/_skimage2/data/_fetchers.py:254: in _fetch
    cached_file_path = _image_fetcher.fetch(data_filename)
                       ^^^^^^^^^^^^^^^^^^^^^^^^^^^^^^^^^^^
        cache_dir  = '/data/xumengying/tool-verify/scikit-image-verify/skimage-cache/main'
        cached_file_path = '/data/xumengying/tool-verify/scikit-image-verify/skimage-cache/main/restoration/camera_rl.npy'
        data_filename = 'restoration/camera_rl.npy'
        expected_hash = 'fd4f59af84dd471fbbe79ee70c1b7e68a69864c461f0db5ac587e7975363f78f'
        legacy_file_path = '/data/xumengying/tool-verify/scikit-image-verify/src/scikit-image/src/_skimage2/restoration/camera_rl.npy'
        prefix     = None
../../venv-cpu-py312/lib/python3.12/site-packages/pooch/core.py:598: in fetch
    stream_download(
        action     = 'download'
        downloader = <pooch.downloaders.HTTPDownloader object at 0x7fcf90e7f200>
        fname      = 'restoration/camera_rl.npy'
        full_path  = PosixPath('/data/xumengying/tool-verify/scikit-image-verify/skimage-cache/main/restoration/camera_rl.npy')
        known_hash = 'fd4f59af84dd471fbbe79ee70c1b7e68a69864c461f0db5ac587e7975363f78f'
        processor  = None
        progressbar = False
        self       = <pooch.core.Pooch object at 0x7fd03da55eb0>
        url        = 'https://github.com/scikit-image/scikit-image/raw/main/tests/skimage2/restoration/camera_rl.npy'
        verb       = 'Downloading'
../../venv-cpu-py312/lib/python3.12/site-packages/pooch/core.py:823: in stream_download
    downloader(url, tmp, pooch)
        download_attempts = 4
        downloader = <pooch.downloaders.HTTPDownloader object at 0x7fcf90e7f200>
        fname      = PosixPath('/data/xumengying/tool-verify/scikit-image-verify/skimage-cache/main/restoration/camera_rl.npy')
        i          = 3
        known_hash = 'fd4f59af84dd471fbbe79ee70c1b7e68a69864c461f0db5ac587e7975363f78f'
        max_wait   = 10
        pooch      = <pooch.core.Pooch object at 0x7fd03da55eb0>
        requests   = <module 'requests' from '/data/xumengying/tool-verify/scikit-image-verify/venv-cpu-py312/lib/python3.12/site-packages/requests/__init__.py'>
        retries_left = 1
        retry_if_failed = 3
        tmp        = '/data/xumengying/tool-verify/scikit-image-verify/skimage-cache/main/restoration/tmpe26vmrp6'
        url        = 'https://github.com/scikit-image/scikit-image/raw/main/tests/skimage2/restoration/camera_rl.npy'
../../venv-cpu-py312/lib/python3.12/site-packages/pooch/downloaders.py:230: in __call__
    response = requests.get(url, timeout=timeout, **kwargs)
               ^^^^^^^^^^^^^^^^^^^^^^^^^^^^^^^^^^^^^^^^^^^^
        check_only = False
        ispath     = True
        kwargs     = {'stream': True}
        output_file = <_io.BufferedRandom name='/data/xumengying/tool-verify/scikit-image-verify/skimage-cache/main/restoration/tmpe26vmrp6'>
        pooch      = <pooch.core.Pooch object at 0x7fd03da55eb0>
        requests   = <module 'requests' from '/data/xumengying/tool-verify/scikit-image-verify/venv-cpu-py312/lib/python3.12/site-packages/requests/__init__.py'>
        self       = <pooch.downloaders.HTTPDownloader object at 0x7fcf90e7f200>
        timeout    = 30
        url        = 'https://github.com/scikit-image/scikit-image/raw/main/tests/skimage2/restoration/camera_rl.npy'
../../venv-cpu-py312/lib/python3.12/site-packages/requests/api.py:87: in get
    return request("get", url, params=params, **kwargs)
           ^^^^^^^^^^^^^^^^^^^^^^^^^^^^^^^^^^^^^^^^^^^^
        kwargs     = {'timeout': 30, 'stream': True}
        params     = None
        url        = 'https://github.com/scikit-image/scikit-image/raw/main/tests/skimage2/restoration/camera_rl.npy'
../../venv-cpu-py312/lib/python3.12/site-packages/requests/api.py:71: in request
    return session.request(method=method, url=url, **kwargs)
           ^^^^^^^^^^^^^^^^^^^^^^^^^^^^^^^^^^^^^^^^^^^^^^^^^
        kwargs     = {'params': None, 'timeout': 30, 'stream': True}
        method     = 'get'
        session    = <requests.sessions.Session object at 0x7fcf8e9e99d0>
        url        = 'https://github.com/scikit-image/scikit-image/raw/main/tests/skimage2/restoration/camera_rl.npy'
../../venv-cpu-py312/lib/python3.12/site-packages/requests/sessions.py:651: in request
    resp = self.send(prep, **send_kwargs)
           ^^^^^^^^^^^^^^^^^^^^^^^^^^^^^^
        allow_redirects = True
        auth       = None
[...]
XFAIL tests/skimage/restoration/test_denoise.py::test_wavelet_denoising_nd[True-BayesShrink-4] - optional dependency PyWavelets is not installed
XFAIL tests/skimage/restoration/test_denoise.py::test_wavelet_denoising_nd[False-VisuShrink-1] - optional dependency PyWavelets is not installed
XFAIL tests/skimage/restoration/test_denoise.py::test_wavelet_denoising_nd[False-VisuShrink-2] - optional dependency PyWavelets is not installed
XFAIL tests/skimage/restoration/test_denoise.py::test_wavelet_denoising_nd[False-VisuShrink-3] - optional dependency PyWavelets is not installed
XFAIL tests/skimage/restoration/test_denoise.py::test_wavelet_denoising_nd[False-VisuShrink-4] - optional dependency PyWavelets is not installed
XFAIL tests/skimage/restoration/test_denoise.py::test_wavelet_denoising_nd[False-BayesShrink-1] - optional dependency PyWavelets is not installed
XFAIL tests/skimage/restoration/test_denoise.py::test_wavelet_denoising_nd[False-BayesShrink-2] - optional dependency PyWavelets is not installed
XFAIL tests/skimage/restoration/test_denoise.py::test_wavelet_denoising_nd[False-BayesShrink-3] - optional dependency PyWavelets is not installed
XFAIL tests/skimage/restoration/test_denoise.py::test_wavelet_denoising_nd[False-BayesShrink-4] - optional dependency PyWavelets is not installed
XFAIL tests/skimage/restoration/test_denoise.py::test_wavelet_invalid_method - optional dependency PyWavelets is not installed
XFAIL tests/skimage/restoration/test_denoise.py::test_wavelet_denoising_levels[True] - optional dependency PyWavelets is not installed
XFAIL tests/skimage/restoration/test_denoise.py::test_wavelet_denoising_levels[False] - optional dependency PyWavelets is not installed
XFAIL tests/skimage/restoration/test_denoise.py::test_estimate_sigma_gray - optional dependency PyWavelets is not installed
XFAIL tests/skimage/restoration/test_denoise.py::test_estimate_sigma_masked_image - optional dependency PyWavelets is not installed
XFAIL tests/skimage/restoration/test_denoise.py::test_estimate_sigma_color[0] - optional dependency PyWavelets is not installed
XFAIL tests/skimage/restoration/test_denoise.py::test_estimate_sigma_color[1] - optional dependency PyWavelets is not installed
XFAIL tests/skimage/restoration/test_denoise.py::test_estimate_sigma_color[2] - optional dependency PyWavelets is not installed
XFAIL tests/skimage/restoration/test_denoise.py::test_estimate_sigma_color[-1] - optional dependency PyWavelets is not installed
XFAIL tests/skimage/restoration/test_denoise.py::test_wavelet_denoising_args[True] - optional dependency PyWavelets is not installed
XFAIL tests/skimage/restoration/test_denoise.py::test_wavelet_denoising_args[False] - optional dependency PyWavelets is not installed
XFAIL tests/skimage/restoration/test_denoise.py::test_denoise_wavelet_biorthogonal[True] - optional dependency PyWavelets is not installed
XFAIL tests/skimage/restoration/test_denoise.py::test_denoise_wavelet_biorthogonal[False] - optional dependency PyWavelets is not installed
XFAIL tests/skimage/restoration/test_denoise.py::test_cycle_spinning_multichannel[True--1] - optional dependency PyWavelets is not installed
XFAIL tests/skimage/restoration/test_denoise.py::test_cycle_spinning_multichannel[True-None] - optional dependency PyWavelets is not installed
XFAIL tests/skimage/restoration/test_denoise.py::test_cycle_spinning_multichannel[False--1] - optional dependency PyWavelets is not installed
XFAIL tests/skimage/restoration/test_denoise.py::test_cycle_spinning_multichannel[False-None] - optional dependency PyWavelets is not installed
XFAIL tests/skimage/restoration/test_denoise.py::test_cycle_spinning_workers - optional dependency PyWavelets is not installed
XFAIL tests/skimage/restoration/test_denoise.py::test_cycle_spinner_deprecate_num_workers[None] - optional dependency PyWavelets is not installed
XFAIL tests/skimage/restoration/test_denoise.py::test_cycle_spinner_deprecate_num_workers[1] - optional dependency PyWavelets is not installed
XFAIL tests/skimage/restoration/test_j_invariant.py::test_invariant_denoise - optional dependency PyWavelets is not installed
XFAIL tests/skimage/restoration/test_j_invariant.py::test_invariant_denoise_color[float16] - optional dependency PyWavelets is not installed
XFAIL tests/skimage/restoration/test_j_invariant.py::test_invariant_denoise_color[float32] - optional dependency PyWavelets is not installed
XFAIL tests/skimage/restoration/test_j_invariant.py::test_invariant_denoise_color[float64] - optional dependency PyWavelets is not installed
XFAIL tests/skimage/restoration/test_j_invariant.py::test_invariant_denoise_3d - optional dependency PyWavelets is not installed
XFAIL tests/skimage/restoration/test_j_invariant.py::test_calibrate_denoiser_extra_output - optional dependency PyWavelets is not installed
XFAIL tests/skimage/restoration/test_j_invariant.py::test_calibrate_denoiser - optional dependency PyWavelets is not installed
XFAIL tests/skimage/restoration/test_j_invariant.py::test_input_image_not_modified - optional dependency PyWavelets is not installed
XFAIL tests/skimage2/restoration/test_denoise.py::test_wavelet_denoising[img0-None-False] - optional dependency PyWavelets is not installed
XFAIL tests/skimage2/restoration/test_denoise.py::test_wavelet_denoising[img1-None-False] - optional dependency PyWavelets is not installed
XFAIL tests/skimage2/restoration/test_denoise.py::test_wavelet_denoising[img2--1-False] - optional dependency PyWavelets is not installed
XFAIL tests/skimage2/restoration/test_denoise.py::test_wavelet_denoising[img3--1-True] - optional dependency PyWavelets is not installed
XFAIL tests/skimage2/restoration/test_denoise.py::test_wavelet_denoising_channel_axis[False-0] - optional dependency PyWavelets is not installed
XFAIL tests/skimage2/restoration/test_denoise.py::test_wavelet_denoising_channel_axis[False-1] - optional dependency PyWavelets is not installed
XFAIL tests/skimage2/restoration/test_denoise.py::test_wavelet_denoising_channel_axis[False-2] - optional dependency PyWavelets is not installed
XFAIL tests/skimage2/restoration/test_denoise.py::test_wavelet_denoising_channel_axis[False--1] - optional dependency PyWavelets is not installed
XFAIL tests/skimage2/restoration/test_denoise.py::test_wavelet_denoising_channel_axis[True-0] - optional dependency PyWavelets is not installed
XFAIL tests/skimage2/restoration/test_denoise.py::test_wavelet_denoising_channel_axis[True-1] - optional dependency PyWavelets is not installed
XFAIL tests/skimage2/restoration/test_denoise.py::test_wavelet_denoising_channel_axis[True-2] - optional dependency PyWavelets is not installed
XFAIL tests/skimage2/restoration/test_denoise.py::test_wavelet_denoising_channel_axis[True--1] - optional dependency PyWavelets is not installed
XFAIL tests/skimage2/restoration/test_denoise.py::test_wavelet_denoising_scaling[True-True-float16-1d] - optional dependency PyWavelets is not installed
XFAIL tests/skimage2/restoration/test_denoise.py::test_wavelet_denoising_scaling[True-True-float16-2d multichannel] - optional dependency PyWavelets is not installed
XFAIL tests/skimage2/restoration/test_denoise.py::test_wavelet_denoising_scaling[True-True-float32-1d] - optional dependency PyWavelets is not installed
XFAIL tests/skimage2/restoration/test_denoise.py::test_wavelet_denoising_scaling[True-True-float32-2d multichannel] - optional dependency PyWavelets is not installed
XFAIL tests/skimage2/restoration/test_denoise.py::test_wavelet_denoising_scaling[True-True-float64-1d] - optional dependency PyWavelets is not installed
XFAIL tests/skimage2/restoration/test_denoise.py::test_wavelet_denoising_scaling[True-True-float64-2d multichannel] - optional dependency PyWavelets is not installed
XFAIL tests/skimage2/restoration/test_denoise.py::test_wavelet_denoising_scaling[True-True-int16-1d] - optional dependency PyWavelets is not installed
XFAIL tests/skimage2/restoration/test_denoise.py::test_wavelet_denoising_scaling[True-True-int16-2d multichannel] - optional dependency PyWavelets is not installed
XFAIL tests/skimage2/restoration/test_denoise.py::test_wavelet_denoising_scaling[True-True-uint8-1d] - optional dependency PyWavelets is not installed
XFAIL tests/skimage2/restoration/test_denoise.py::test_wavelet_denoising_scaling[True-True-uint8-2d multichannel] - optional dependency PyWavelets is not installed
XFAIL tests/skimage2/restoration/test_denoise.py::test_wavelet_denoising_scaling[True-False-float16-1d] - optional dependency PyWavelets is not installed
XFAIL tests/skimage2/restoration/test_denoise.py::test_wavelet_denoising_scaling[True-False-float16-2d multichannel] - optional dependency PyWavelets is not installed
XFAIL tests/skimage2/restoration/test_denoise.py::test_wavelet_denoising_scaling[True-False-float32-1d] - optional dependency PyWavelets is not installed
XFAIL tests/skimage2/restoration/test_denoise.py::test_wavelet_denoising_scaling[True-False-float32-2d multichannel] - optional dependency PyWavelets is not installed
XFAIL tests/skimage2/restoration/test_denoise.py::test_wavelet_denoising_scaling[True-False-float64-1d] - optional dependency PyWavelets is not installed
XFAIL tests/skimage2/restoration/test_denoise.py::test_wavelet_denoising_scaling[True-False-float64-2d multichannel] - optional dependency PyWavelets is not installed
XFAIL tests/skimage2/restoration/test_denoise.py::test_wavelet_denoising_scaling[True-False-int16-1d] - optional dependency PyWavelets is not installed
XFAIL tests/skimage2/restoration/test_denoise.py::test_wavelet_denoising_scaling[True-False-int16-2d multichannel] - optional dependency PyWavelets is not installed
XFAIL tests/skimage2/restoration/test_denoise.py::test_wavelet_denoising_scaling[True-False-uint8-1d] - optional dependency PyWavelets is not installed
XFAIL tests/skimage2/restoration/test_denoise.py::test_wavelet_denoising_scaling[True-False-uint8-2d multichannel] - optional dependency PyWavelets is not installed
XFAIL tests/skimage2/restoration/test_denoise.py::test_wavelet_denoising_scaling[False-True-float16-1d] - optional dependency PyWavelets is not installed
XFAIL tests/skimage2/restoration/test_denoise.py::test_wavelet_denoising_scaling[False-True-float16-2d multichannel] - optional dependency PyWavelets is not installed
XFAIL tests/skimage2/restoration/test_denoise.py::test_wavelet_denoising_scaling[False-True-float32-1d] - optional dependency PyWavelets is not installed
XFAIL tests/skimage2/restoration/test_denoise.py::test_wavelet_denoising_scaling[False-True-float32-2d multichannel] - optional dependency PyWavelets is not installed
XFAIL tests/skimage2/restoration/test_denoise.py::test_wavelet_denoising_scaling[False-True-float64-1d] - optional dependency PyWavelets is not installed
XFAIL tests/skimage2/restoration/test_denoise.py::test_wavelet_denoising_scaling[False-True-float64-2d multichannel] - optional dependency PyWavelets is not installed
XFAIL tests/skimage2/restoration/test_denoise.py::test_wavelet_denoising_scaling[False-True-int16-1d] - optional dependency PyWavelets is not installed
XFAIL tests/skimage2/restoration/test_denoise.py::test_wavelet_denoising_scaling[False-True-int16-2d multichannel] - optional dependency PyWavelets is not installed
XFAIL tests/skimage2/restoration/test_denoise.py::test_wavelet_denoising_scaling[False-True-uint8-1d] - optional dependency PyWavelets is not installed
XFAIL tests/skimage2/restoration/test_denoise.py::test_wavelet_denoising_scaling[False-True-uint8-2d multichannel] - optional dependency PyWavelets is not installed
XFAIL tests/skimage2/restoration/test_denoise.py::test_wavelet_denoising_scaling[False-False-float16-1d] - optional dependency PyWavelets is not installed
XFAIL tests/skimage2/restoration/test_denoise.py::test_wavelet_denoising_scaling[False-False-float16-2d multichannel] - optional dependency PyWavelets is not installed
XFAIL tests/skimage2/restoration/test_denoise.py::test_wavelet_denoising_scaling[False-False-float32-1d] - optional dependency PyWavelets is not installed
XFAIL tests/skimage2/restoration/test_denoise.py::test_wavelet_denoising_scaling[False-False-float32-2d multichannel] - optional dependency PyWavelets is not installed
XFAIL tests/skimage2/restoration/test_denoise.py::test_wavelet_denoising_scaling[False-False-float64-1d] - optional dependency PyWavelets is not installed
XFAIL tests/skimage2/restoration/test_denoise.py::test_wavelet_denoising_scaling[False-False-float64-2d multichannel] - optional dependency PyWavelets is not installed
XFAIL tests/skimage2/restoration/test_denoise.py::test_wavelet_denoising_scaling[False-False-int16-1d] - optional dependency PyWavelets is not installed
XFAIL tests/skimage2/restoration/test_denoise.py::test_wavelet_denoising_scaling[False-False-int16-2d multichannel] - optional dependency PyWavelets is not installed
XFAIL tests/skimage2/restoration/test_denoise.py::test_wavelet_denoising_scaling[False-False-uint8-1d] - optional dependency PyWavelets is not installed
XFAIL tests/skimage2/restoration/test_denoise.py::test_wavelet_denoising_scaling[False-False-uint8-2d multichannel] - optional dependency PyWavelets is not installed
XFAIL tests/skimage2/restoration/test_denoise.py::test_wavelet_threshold - optional dependency PyWavelets is not installed
XFAIL tests/skimage2/restoration/test_denoise.py::test_wavelet_denoising_nd[True-VisuShrink-1] - optional dependency PyWavelets is not installed
XFAIL tests/skimage2/restoration/test_denoise.py::test_wavelet_denoising_nd[True-VisuShrink-2] - optional dependency PyWavelets is not installed
XFAIL tests/skimage2/restoration/test_denoise.py::test_wavelet_denoising_nd[True-VisuShrink-3] - optional dependency PyWavelets is not installed
XFAIL tests/skimage2/restoration/test_denoise.py::test_wavelet_denoising_nd[True-VisuShrink-4] - optional dependency PyWavelets is not installed
XFAIL tests/skimage2/restoration/test_denoise.py::test_wavelet_denoising_nd[True-BayesShrink-1] - optional dependency PyWavelets is not installed
XFAIL tests/skimage2/restoration/test_denoise.py::test_wavelet_denoising_nd[True-BayesShrink-2] - optional dependency PyWavelets is not installed
XFAIL tests/skimage2/restoration/test_denoise.py::test_wavelet_denoising_nd[True-BayesShrink-3] - optional dependency PyWavelets is not installed
XFAIL tests/skimage2/restoration/test_denoise.py::test_wavelet_denoising_nd[True-BayesShrink-4] - optional dependency PyWavelets is not installed
XFAIL tests/skimage2/restoration/test_denoise.py::test_wavelet_denoising_nd[False-VisuShrink-1] - optional dependency PyWavelets is not installed
XFAIL tests/skimage2/restoration/test_denoise.py::test_wavelet_denoising_nd[False-VisuShrink-2] - optional dependency PyWavelets is not installed
XFAIL tests/skimage2/restoration/test_denoise.py::test_wavelet_denoising_nd[False-VisuShrink-3] - optional dependency PyWavelets is not installed
XFAIL tests/skimage2/restoration/test_denoise.py::test_wavelet_denoising_nd[False-VisuShrink-4] - optional dependency PyWavelets is not installed
XFAIL tests/skimage2/restoration/test_denoise.py::test_wavelet_denoising_nd[False-BayesShrink-1] - optional dependency PyWavelets is not installed
XFAIL tests/skimage2/restoration/test_denoise.py::test_wavelet_denoising_nd[False-BayesShrink-2] - optional dependency PyWavelets is not installed
XFAIL tests/skimage2/restoration/test_denoise.py::test_wavelet_denoising_nd[False-BayesShrink-3] - optional dependency PyWavelets is not installed
XFAIL tests/skimage2/restoration/test_denoise.py::test_wavelet_denoising_nd[False-BayesShrink-4] - optional dependency PyWavelets is not installed
XFAIL tests/skimage2/restoration/test_denoise.py::test_wavelet_invalid_method - optional dependency PyWavelets is not installed
XFAIL tests/skimage2/restoration/test_denoise.py::test_wavelet_denoising_levels[True] - optional dependency PyWavelets is not installed
XFAIL tests/skimage2/restoration/test_denoise.py::test_wavelet_denoising_levels[False] - optional dependency PyWavelets is not installed
XFAIL tests/skimage2/restoration/test_denoise.py::test_estimate_sigma_gray - optional dependency PyWavelets is not installed
XFAIL tests/skimage2/restoration/test_denoise.py::test_estimate_sigma_masked_image - optional dependency PyWavelets is not installed
XFAIL tests/skimage2/restoration/test_denoise.py::test_estimate_sigma_color[0] - optional dependency PyWavelets is not installed
XFAIL tests/skimage2/restoration/test_denoise.py::test_estimate_sigma_color[1] - optional dependency PyWavelets is not installed
XFAIL tests/skimage2/restoration/test_denoise.py::test_estimate_sigma_color[2] - optional dependency PyWavelets is not installed
XFAIL tests/skimage2/restoration/test_denoise.py::test_estimate_sigma_color[-1] - optional dependency PyWavelets is not installed
XFAIL tests/skimage2/restoration/test_denoise.py::test_wavelet_denoising_args[True] - optional dependency PyWavelets is not installed
XFAIL tests/skimage2/restoration/test_denoise.py::test_wavelet_denoising_args[False] - optional dependency PyWavelets is not installed
XFAIL tests/skimage2/restoration/test_denoise.py::test_denoise_wavelet_biorthogonal[True] - optional dependency PyWavelets is not installed
XFAIL tests/skimage2/restoration/test_denoise.py::test_denoise_wavelet_biorthogonal[False] - optional dependency PyWavelets is not installed
XFAIL tests/skimage2/restoration/test_denoise.py::test_cycle_spinning_multichannel[True--1] - optional dependency PyWavelets is not installed
XFAIL tests/skimage2/restoration/test_denoise.py::test_cycle_spinning_multichannel[True-None] - optional dependency PyWavelets is not installed
XFAIL tests/skimage2/restoration/test_denoise.py::test_cycle_spinning_multichannel[False--1] - optional dependency PyWavelets is not installed
XFAIL tests/skimage2/restoration/test_denoise.py::test_cycle_spinning_multichannel[False-None] - optional dependency PyWavelets is not installed
XFAIL tests/skimage2/restoration/test_denoise.py::test_cycle_spinning_workers - optional dependency PyWavelets is not installed
XFAIL tests/skimage2/restoration/test_denoise.py::test_cycle_spinner_deprecate_num_workers[None] - optional dependency PyWavelets is not installed
XFAIL tests/skimage2/restoration/test_denoise.py::test_cycle_spinner_deprecate_num_workers[1] - optional dependency PyWavelets is not installed
XFAIL tests/skimage2/restoration/test_j_invariant.py::test_invariant_denoise - optional dependency PyWavelets is not installed
XFAIL tests/skimage2/restoration/test_j_invariant.py::test_invariant_denoise_color[float16] - optional dependency PyWavelets is not installed
XFAIL tests/skimage2/restoration/test_j_invariant.py::test_invariant_denoise_color[float32] - optional dependency PyWavelets is not installed
XFAIL tests/skimage2/restoration/test_j_invariant.py::test_invariant_denoise_color[float64] - optional dependency PyWavelets is not installed
XFAIL tests/skimage2/restoration/test_j_invariant.py::test_invariant_denoise_3d - optional dependency PyWavelets is not installed
XFAIL tests/skimage2/restoration/test_j_invariant.py::test_calibrate_denoiser_extra_output - optional dependency PyWavelets is not installed
XFAIL tests/skimage2/restoration/test_j_invariant.py::test_calibrate_denoiser - optional dependency PyWavelets is not installed
XFAIL tests/skimage2/restoration/test_j_invariant.py::test_input_image_not_modified - optional dependency PyWavelets is not installed
FAILED tests/skimage/data/test_data.py::test_download_all_with_pooch - reques...
FAILED tests/skimage/data/test_data.py::test_vortex - requests.exceptions.HTT...
FAILED tests/skimage2/data/test_data.py::test_download_all_with_pooch - reque...
FAILED tests/skimage2/data/test_data.py::test_vortex - requests.exceptions.HT...
Results (726.29s):
         4 failed
     18718 passed
        65 skipped
       194 xfailed
      1877 warnings
